<?xml version="1.0" encoding="UTF-8" ?>
<testsuite tests="17" failures="1" name="TestSuite" time="24.245" errors="0" skipped="0">
  <properties>
    <property name="java.runtime.name" value="OpenJDK Runtime Environment"/>
    <property name="java.vm.version" value="16.0.2+0"/>
    <property name="sun.boot.library.path" value="/usr/local/Cellar/openjdk/16.0.2/libexec/openjdk.jdk/Contents/Home/lib"/>
    <property name="maven.multiModuleProjectDirectory" value="/Users/abdelrahmanmohammed/Desktop/up/near-apis"/>
    <property name="java.vm.vendor" value="Homebrew"/>
    <property name="java.vendor.url" value="https://github.com/Homebrew/homebrew-core/issues"/>
    <property name="guice.disable.misplaced.annotation.check" value="true"/>
    <property name="path.separator" value=":"/>
    <property name="java.vm.name" value="OpenJDK 64-Bit Server VM"/>
    <property name="user.country" value="EG"/>
    <property name="sun.java.launcher" value="SUN_STANDARD"/>
    <property name="java.vm.specification.name" value="Java Virtual Machine Specification"/>
    <property name="user.dir" value="/Users/abdelrahmanmohammed/Desktop/up/near-apis"/>
    <property name="java.vm.compressedOopsMode" value="Zero based"/>
    <property name="java.runtime.version" value="16.0.2+0"/>
    <property name="os.arch" value="x86_64"/>
    <property name="java.io.tmpdir" value="/var/folders/9s/46ty9gjj345csf88dfp68m3m0000gn/T/"/>
    <property name="line.separator" value="
"/>
    <property name="java.vm.specification.vendor" value="Oracle Corporation"/>
    <property name="os.name" value="Mac OS X"/>
    <property name="classworlds.conf" value="/usr/local/Cellar/maven/3.8.1/libexec/bin/m2.conf"/>
    <property name="sun.jnu.encoding" value="UTF-8"/>
    <property name="java.library.path" value="/Users/abdelrahmanmohammed/Library/Java/Extensions:/Library/Java/Extensions:/Network/Library/Java/Extensions:/System/Library/Java/Extensions:/usr/lib/java:."/>
    <property name="maven.conf" value="/usr/local/Cellar/maven/3.8.1/libexec/conf"/>
    <property name="jdk.debug" value="release"/>
    <property name="java.class.version" value="60.0"/>
    <property name="java.specification.name" value="Java Platform API Specification"/>
    <property name="sun.management.compiler" value="HotSpot 64-Bit Tiered Compilers"/>
    <property name="os.version" value="11.3.1"/>
    <property name="library.jansi.path" value="/usr/local/Cellar/maven/3.8.1/libexec/lib/jansi-native"/>
    <property name="http.nonProxyHosts" value="local|*.local|169.254/16|*.169.254/16"/>
    <property name="user.home" value="/Users/abdelrahmanmohammed"/>
    <property name="user.timezone" value="Africa/Cairo"/>
    <property name="file.encoding" value="UTF-8"/>
    <property name="java.specification.version" value="16"/>
    <property name="user.name" value="abdelrahmanmohammed"/>
    <property name="java.class.path" value="/usr/local/Cellar/maven/3.8.1/libexec/boot/plexus-classworlds-2.6.0.jar"/>
    <property name="java.vm.specification.version" value="16"/>
    <property name="sun.arch.data.model" value="64"/>
    <property name="sun.java.command" value="org.codehaus.plexus.classworlds.launcher.Launcher clean install"/>
    <property name="java.home" value="/usr/local/Cellar/openjdk/16.0.2/libexec/openjdk.jdk/Contents/Home"/>
    <property name="user.language" value="en"/>
    <property name="java.specification.vendor" value="Oracle Corporation"/>
    <property name="java.vm.info" value="mixed mode, sharing"/>
    <property name="java.version" value="16.0.2"/>
    <property name="java.vendor" value="Homebrew"/>
    <property name="maven.home" value="/usr/local/Cellar/maven/3.8.1/libexec"/>
    <property name="file.separator" value="/"/>
    <property name="java.version.date" value="2021-07-20"/>
    <property name="java.vendor.url.bug" value="https://github.com/Homebrew/homebrew-core/issues"/>
    <property name="sun.io.unicode.encoding" value="UnicodeBig"/>
    <property name="sun.cpu.endian" value="little"/>
    <property name="java.vendor.version" value="Homebrew"/>
    <property name="socksNonProxyHosts" value="local|*.local|169.254/16|*.169.254/16"/>
    <property name="ftp.nonProxyHosts" value="local|*.local|169.254/16|*.169.254/16"/>
  </properties>
  <testcase classname="tests.transactionsTests.TestUserTransactionsIntegration" name="testCreateTransaction" time="1.22"/>
  <testcase classname="tests.transactionsTests.TestUserTransactionsIntegration" name="testGetUserTransactions" time="0.942"/>
  <testcase classname="tests.transactionsTests.TestUserTransactionsIntegration" name="testGetNftTransactions" time="1.025"/>
  <testcase classname="tests.transactionsTests.TestUserTransactionsIntegration" name="testUpdateTransaction" time="1.214"/>
  <testcase classname="tests.transactionsTests.TestUserTransactionsIntegration" name="testDeleteTransaction" time="3.328"/>
  <testcase classname="tests.transactionsTests.TestUserTransactionsIntegration" name="verifyTheTransactionStatusAfterDeleting" time="0.883"/>
  <testcase classname="tests.usersTests.TestUserIntegration" name="testCreateUser" time="1.629"/>
  <testcase classname="tests.usersTests.TestUserIntegration" name="testGetUser" time="0.883">
    <failure message="The Full Name is empty did not expect [] but found []" type="java.lang.AssertionError">java.lang.AssertionError: The Full Name is empty did not expect [] but found []
	at org.testng.Assert.fail(Assert.java:99)
	at org.testng.Assert.failEquals(Assert.java:1041)
	at org.testng.Assert.assertNotEqualsImpl(Assert.java:147)
	at org.testng.Assert.assertNotEquals(Assert.java:1531)
	at tests.usersTests.TestUserIntegration.testGetUser(TestUserIntegration.java:40)
</failure>
    <system-out>Request method:	GET
Request URI:	https://api.nearlogin.io/users/OC8d9muVtTbT0K-Fm8d4c
Proxy:			&lt;none&gt;
Request params:	&lt;none&gt;
Query params:	&lt;none&gt;
Form params:	&lt;none&gt;
Path params:	&lt;none&gt;
Headers:		Authorization=Bearer eyJraWQiOiJmdjZkSFwvQ05Bajk5bE10b2V2K2hrMFVBUWRZeGRyK2dlTGNJYWpqRTlCMD0iLCJhbGciOiJSUzI1NiJ9.eyJvcmlnaW5fanRpIjoiMDdmNTBmZWUtMGQxNC00M2U5LTk2ZjAtZjA2ZTc1MjRhNzBmIiwic3ViIjoiM2JlZDZhOTktNGUxYi00ODg1LWE2Y2YtYTk4MWQ2MGE2NTc2IiwiZXZlbnRfaWQiOiIzYjc4MzZkYS1jMjkwLTRlMzktYWFiNC00YjQ3MmVlZWY1YzUiLCJ0b2tlbl91c2UiOiJhY2Nlc3MiLCJzY29wZSI6ImF3cy5jb2duaXRvLnNpZ25pbi51c2VyLmFkbWluIiwiYXV0aF90aW1lIjoxNjQyMjA5NjUyLCJpc3MiOiJodHRwczpcL1wvY29nbml0by1pZHAudXMtZWFzdC0xLmFtYXpvbmF3cy5jb21cL3VzLWVhc3QtMV9hSlUxRThUWVciLCJleHAiOjE2NDIyOTYwNTIsImlhdCI6MTY0MjIwOTY1MiwianRpIjoiZGFkMmI3MGYtYjMwNC00NjhlLWI2YjEtNzgzMzg5OGFmM2U5IiwiY2xpZW50X2lkIjoiMWg4ajM3ZW44ZXEwNGU0bnVsOGw3Z2U0YW4iLCJ1c2VybmFtZSI6InlrcWxrdWp2Z20ubmVhciJ9.4eogH5BTqe73ZF7gmrUdqEmAfyC0NX6LiV2BZHbdqwQBoHcYENY3H0j4i3mEKuRMo5NHBLtdvAMWArryIfXqITgUQzc8kOkhuFThS5e_oWJLKaODRwvj7rR5Ry0EmUGyRO8X6f7g0bgqe4a86YyY7ZipP9okuL8P9iRXbnezu64w_RXI4cKtJB0HTSApQ20kBvuThRdD25HJbrIK4qrRnE-3r6OJDVOvdw_giM_1rqvx8uDeVBIw87un9ZbOgiopktiDWvsdS7QZr86QgAzsvTxcyZwrXW9bEfjV0pIeEp6vUThyIchjNzkDqpZKhDKgXX_cZUMnYRXxZRqzBEvaZA
				Accept=*/*
Cookies:		&lt;none&gt;
Multiparts:		&lt;none&gt;
Body:			&lt;none&gt;
{
    &quot;message&quot;: &quot;User retrieved successfully!&quot;,
    &quot;data&quot;: {
        &quot;user_id&quot;: &quot;OC8d9muVtTbT0K-Fm8d4c&quot;,
        &quot;wallet_status&quot;: &quot;pending&quot;,
        &quot;status&quot;: &quot;active&quot;,
        &quot;created&quot;: 1642209651488,
        &quot;full_name&quot;: &quot;&quot;,
        &quot;wallet_id&quot;: &quot;ykqlkujvgm.near&quot;,
        &quot;email&quot;: &quot;tkjexgujoj@test.com&quot;,
        &quot;phone&quot;: &quot;0012489446&quot;,
        &quot;verified&quot;: false
    }
}
</system-out>
  </testcase>
  <testcase classname="tests.usersTests.TestUserIntegration" name="testUpdateUser" time="1.726"/>
  <testcase classname="tests.usersTests.TestUserIntegration" name="testDeleteUser" time="0.793"/>
  <testcase classname="tests.usersTests.TestUserIntegration" name="verifyTheUserStatusAfterDeleting" time="0.815"/>
  <testcase classname="tests.nftsTests.TestNfts" name="testCreateNft" time="1.134"/>
  <testcase classname="tests.nftsTests.TestNfts" name="testGetAllNfts" time="5.046"/>
  <testcase classname="tests.nftsTests.TestNfts" name="testGetSingleNft" time="1.009"/>
  <testcase classname="tests.nftsTests.TestNfts" name="testUpdateNft" time="0.923"/>
  <testcase classname="tests.nftsTests.TestNfts" name="testDeleteNft" time="0.83"/>
  <testcase classname="tests.nftsTests.TestNfts" name="verifyTheNftStatusAfterDeleting" time="0.845"/>
</testsuite>