<?xml version="1.0" encoding="UTF-8" ?>
<testsuite tests="15" failures="1" name="TestSuite" time="26.973" errors="0" skipped="0">
  <properties>
    <property name="java.runtime.name" value="OpenJDK Runtime Environment"/>
    <property name="java.vm.version" value="16.0.2+0"/>
    <property name="sun.boot.library.path" value="/usr/local/Cellar/openjdk/16.0.2/libexec/openjdk.jdk/Contents/Home/lib"/>
    <property name="maven.multiModuleProjectDirectory" value="/Users/abdelrahmanmohammed/Desktop/up/near-apis"/>
    <property name="java.vm.vendor" value="Homebrew"/>
    <property name="java.vendor.url" value="https://github.com/Homebrew/homebrew-core/issues"/>
    <property name="guice.disable.misplaced.annotation.check" value="true"/>
    <property name="path.separator" value=":"/>
    <property name="java.vm.name" value="OpenJDK 64-Bit Server VM"/>
    <property name="user.country" value="EG"/>
    <property name="sun.java.launcher" value="SUN_STANDARD"/>
    <property name="java.vm.specification.name" value="Java Virtual Machine Specification"/>
    <property name="user.dir" value="/Users/abdelrahmanmohammed/Desktop/up/near-apis"/>
    <property name="java.vm.compressedOopsMode" value="Zero based"/>
    <property name="java.runtime.version" value="16.0.2+0"/>
    <property name="os.arch" value="x86_64"/>
    <property name="java.io.tmpdir" value="/var/folders/9s/46ty9gjj345csf88dfp68m3m0000gn/T/"/>
    <property name="line.separator" value="
"/>
    <property name="java.vm.specification.vendor" value="Oracle Corporation"/>
    <property name="os.name" value="Mac OS X"/>
    <property name="classworlds.conf" value="/usr/local/Cellar/maven/3.8.1/libexec/bin/m2.conf"/>
    <property name="sun.jnu.encoding" value="UTF-8"/>
    <property name="java.library.path" value="/Users/abdelrahmanmohammed/Library/Java/Extensions:/Library/Java/Extensions:/Network/Library/Java/Extensions:/System/Library/Java/Extensions:/usr/lib/java:."/>
    <property name="maven.conf" value="/usr/local/Cellar/maven/3.8.1/libexec/conf"/>
    <property name="jdk.debug" value="release"/>
    <property name="java.class.version" value="60.0"/>
    <property name="java.specification.name" value="Java Platform API Specification"/>
    <property name="sun.management.compiler" value="HotSpot 64-Bit Tiered Compilers"/>
    <property name="os.version" value="11.3.1"/>
    <property name="library.jansi.path" value="/usr/local/Cellar/maven/3.8.1/libexec/lib/jansi-native"/>
    <property name="http.nonProxyHosts" value="local|*.local|169.254/16|*.169.254/16"/>
    <property name="user.home" value="/Users/abdelrahmanmohammed"/>
    <property name="user.timezone" value="Africa/Cairo"/>
    <property name="file.encoding" value="UTF-8"/>
    <property name="java.specification.version" value="16"/>
    <property name="user.name" value="abdelrahmanmohammed"/>
    <property name="java.class.path" value="/usr/local/Cellar/maven/3.8.1/libexec/boot/plexus-classworlds-2.6.0.jar"/>
    <property name="java.vm.specification.version" value="16"/>
    <property name="sun.arch.data.model" value="64"/>
    <property name="sun.java.command" value="org.codehaus.plexus.classworlds.launcher.Launcher clean install"/>
    <property name="java.home" value="/usr/local/Cellar/openjdk/16.0.2/libexec/openjdk.jdk/Contents/Home"/>
    <property name="user.language" value="en"/>
    <property name="java.specification.vendor" value="Oracle Corporation"/>
    <property name="java.vm.info" value="mixed mode, sharing"/>
    <property name="java.version" value="16.0.2"/>
    <property name="java.vendor" value="Homebrew"/>
    <property name="maven.home" value="/usr/local/Cellar/maven/3.8.1/libexec"/>
    <property name="file.separator" value="/"/>
    <property name="java.version.date" value="2021-07-20"/>
    <property name="java.vendor.url.bug" value="https://github.com/Homebrew/homebrew-core/issues"/>
    <property name="sun.io.unicode.encoding" value="UnicodeBig"/>
    <property name="sun.cpu.endian" value="little"/>
    <property name="java.vendor.version" value="Homebrew"/>
    <property name="socksNonProxyHosts" value="local|*.local|169.254/16|*.169.254/16"/>
    <property name="ftp.nonProxyHosts" value="local|*.local|169.254/16|*.169.254/16"/>
  </properties>
  <testcase classname="tests.transactionsTests.TestUserTransactionsIntegration" name="testDeleteTransaction" time="3.285"/>
  <testcase classname="tests.transactionsTests.TestUserTransactionsIntegration" name="testGetNftTransactions" time="2.245"/>
  <testcase classname="tests.transactionsTests.TestUserTransactionsIntegration" name="testGetUserTransactions" time="1.057"/>
  <testcase classname="tests.transactionsTests.TestUserTransactionsIntegration" name="testUpdateTransaction" time="1.658"/>
  <testcase classname="tests.transactionsTests.TestUserTransactionsIntegration" name="verifyTheTransactionStatusAfterDeleting" time="1.553"/>
  <testcase classname="tests.usersTests.TestUserIntegration" name="testCreateUser" time="1.883"/>
  <testcase classname="tests.usersTests.TestUserIntegration" name="testGetUser" time="1.509">
    <failure message="The Full Name is empty did not expect [] but found []" type="java.lang.AssertionError">java.lang.AssertionError: The Full Name is empty did not expect [] but found []
	at org.testng.Assert.fail(Assert.java:99)
	at org.testng.Assert.failEquals(Assert.java:1041)
	at org.testng.Assert.assertNotEqualsImpl(Assert.java:147)
	at org.testng.Assert.assertNotEquals(Assert.java:1531)
	at tests.usersTests.TestUserIntegration.testGetUser(TestUserIntegration.java:44)
</failure>
    <system-out>Request method:	GET
Request URI:	https://api.nearlogin.io/users/UBC-KIzOWwjKwqmotozi8
Proxy:			&lt;none&gt;
Request params:	&lt;none&gt;
Query params:	&lt;none&gt;
Form params:	&lt;none&gt;
Path params:	&lt;none&gt;
Headers:		Authorization=Bearer eyJraWQiOiJmdjZkSFwvQ05Bajk5bE10b2V2K2hrMFVBUWRZeGRyK2dlTGNJYWpqRTlCMD0iLCJhbGciOiJSUzI1NiJ9.eyJvcmlnaW5fanRpIjoiZGRiOGZiMmMtMWVkMC00NGZiLTliOTQtMzliMTVhNDg0OTU5Iiwic3ViIjoiOGM3M2Q5M2MtMjAyMy00YTJhLWE3YjEtZDgxZjdlNmEyODhhIiwiZXZlbnRfaWQiOiJmNDEwZDE5Yy0zMDc4LTQzNDUtOGQyYy1lZDFhZWIyMDY0N2UiLCJ0b2tlbl91c2UiOiJhY2Nlc3MiLCJzY29wZSI6ImF3cy5jb2duaXRvLnNpZ25pbi51c2VyLmFkbWluIiwiYXV0aF90aW1lIjoxNjQyMDgyMjU3LCJpc3MiOiJodHRwczpcL1wvY29nbml0by1pZHAudXMtZWFzdC0xLmFtYXpvbmF3cy5jb21cL3VzLWVhc3QtMV9hSlUxRThUWVciLCJleHAiOjE2NDIxNjg2NTcsImlhdCI6MTY0MjA4MjI1NywianRpIjoiM2JiZWZiN2QtNTFlMS00ZjZkLWJlZDMtZGVkYTY3OTgxZjVlIiwiY2xpZW50X2lkIjoiMWg4ajM3ZW44ZXEwNGU0bnVsOGw3Z2U0YW4iLCJ1c2VybmFtZSI6InVuZHhiY3Fkcm8ubmVhciJ9.ZWFySvsSNUVQgWyY1IAhCLXbG7b5PZ6dVgg1UNBQ0qMACYkr77_6PdPS4wnex49Ini_Ods60_bVHENe1Fnp6v8KCII0XJJZguNHe5odzYxjVRV8wDRsTyJvTQQctePBumCcqQVNz-ZPZOMwJjKeOe6GUmSH4Hgc8_1QDuNYco3gLgAEXgey2IrlDP2Wv1rFffIhrDzA12hrjhnG8RS0iS2cdxpNgxznrC3qDfDdcBprFq43SKPhsKPaI-gTtlCo7K4fyRFNqIHuXJJyUV-swUnEFielEM1N7gtmbBxCeJ9aasx3hsZd8cAXOtJDvSBbAPEdk52f9KaocBtvPRQd7_A
				Accept=*/*
Cookies:		&lt;none&gt;
Multiparts:		&lt;none&gt;
Body:			&lt;none&gt;
{
    &quot;message&quot;: &quot;User retrieved successfully!&quot;,
    &quot;data&quot;: {
        &quot;user_id&quot;: &quot;UBC-KIzOWwjKwqmotozi8&quot;,
        &quot;wallet_status&quot;: &quot;pending&quot;,
        &quot;status&quot;: &quot;active&quot;,
        &quot;created&quot;: 1642082257061,
        &quot;full_name&quot;: &quot;&quot;,
        &quot;wallet_id&quot;: &quot;undxbcqdro.near&quot;,
        &quot;email&quot;: &quot;xgdisosgsd@test.com&quot;,
        &quot;phone&quot;: &quot;0016120872&quot;,
        &quot;verified&quot;: false
    }
}
</system-out>
  </testcase>
  <testcase classname="tests.usersTests.TestUserIntegration" name="testUpdateUser" time="2.486"/>
  <testcase classname="tests.usersTests.TestUserIntegration" name="testDeleteUser" time="1.101"/>
  <testcase classname="tests.usersTests.TestUserIntegration" name="verifyTheUserStatusAfterDeleting" time="0.885"/>
  <testcase classname="tests.nftsTests.TestNfts" name="testCreateNft" time="1.852"/>
  <testcase classname="tests.nftsTests.TestNfts" name="testDeleteNft" time="1.701"/>
  <testcase classname="tests.nftsTests.TestNfts" name="testGetAllNfts" time="4.02"/>
  <testcase classname="tests.nftsTests.TestNfts" name="testGetSingleNft" time="0.868"/>
  <testcase classname="tests.nftsTests.TestNfts" name="verifyTheNftStatusAfterDeleting" time="0.87"/>
</testsuite>