<?xml version="1.0" encoding="UTF-8" ?>
<testsuite tests="18" failures="2" name="TestSuite" time="31.185" errors="0" skipped="0">
  <properties>
    <property name="java.runtime.name" value="OpenJDK Runtime Environment"/>
    <property name="java.vm.version" value="16.0.2+0"/>
    <property name="sun.boot.library.path" value="/usr/local/Cellar/openjdk/16.0.2/libexec/openjdk.jdk/Contents/Home/lib"/>
    <property name="maven.multiModuleProjectDirectory" value="/Users/abdelrahmanmohammed/Desktop/up/near-apis"/>
    <property name="java.vm.vendor" value="Homebrew"/>
    <property name="java.vendor.url" value="https://github.com/Homebrew/homebrew-core/issues"/>
    <property name="guice.disable.misplaced.annotation.check" value="true"/>
    <property name="path.separator" value=":"/>
    <property name="java.vm.name" value="OpenJDK 64-Bit Server VM"/>
    <property name="user.country" value="EG"/>
    <property name="sun.java.launcher" value="SUN_STANDARD"/>
    <property name="java.vm.specification.name" value="Java Virtual Machine Specification"/>
    <property name="user.dir" value="/Users/abdelrahmanmohammed/Desktop/up/near-apis"/>
    <property name="java.vm.compressedOopsMode" value="Zero based"/>
    <property name="java.runtime.version" value="16.0.2+0"/>
    <property name="os.arch" value="x86_64"/>
    <property name="java.io.tmpdir" value="/var/folders/9s/46ty9gjj345csf88dfp68m3m0000gn/T/"/>
    <property name="line.separator" value="
"/>
    <property name="java.vm.specification.vendor" value="Oracle Corporation"/>
    <property name="os.name" value="Mac OS X"/>
    <property name="classworlds.conf" value="/usr/local/Cellar/maven/3.8.1/libexec/bin/m2.conf"/>
    <property name="sun.jnu.encoding" value="UTF-8"/>
    <property name="java.library.path" value="/Users/abdelrahmanmohammed/Library/Java/Extensions:/Library/Java/Extensions:/Network/Library/Java/Extensions:/System/Library/Java/Extensions:/usr/lib/java:."/>
    <property name="maven.conf" value="/usr/local/Cellar/maven/3.8.1/libexec/conf"/>
    <property name="jdk.debug" value="release"/>
    <property name="java.class.version" value="60.0"/>
    <property name="java.specification.name" value="Java Platform API Specification"/>
    <property name="sun.management.compiler" value="HotSpot 64-Bit Tiered Compilers"/>
    <property name="os.version" value="11.3.1"/>
    <property name="library.jansi.path" value="/usr/local/Cellar/maven/3.8.1/libexec/lib/jansi-native"/>
    <property name="http.nonProxyHosts" value="local|*.local|169.254/16|*.169.254/16"/>
    <property name="user.home" value="/Users/abdelrahmanmohammed"/>
    <property name="user.timezone" value="Africa/Cairo"/>
    <property name="file.encoding" value="UTF-8"/>
    <property name="java.specification.version" value="16"/>
    <property name="user.name" value="abdelrahmanmohammed"/>
    <property name="java.class.path" value="/usr/local/Cellar/maven/3.8.1/libexec/boot/plexus-classworlds-2.6.0.jar"/>
    <property name="java.vm.specification.version" value="16"/>
    <property name="sun.arch.data.model" value="64"/>
    <property name="sun.java.command" value="org.codehaus.plexus.classworlds.launcher.Launcher clean install"/>
    <property name="java.home" value="/usr/local/Cellar/openjdk/16.0.2/libexec/openjdk.jdk/Contents/Home"/>
    <property name="user.language" value="en"/>
    <property name="java.specification.vendor" value="Oracle Corporation"/>
    <property name="java.vm.info" value="mixed mode, sharing"/>
    <property name="java.version" value="16.0.2"/>
    <property name="java.vendor" value="Homebrew"/>
    <property name="maven.home" value="/usr/local/Cellar/maven/3.8.1/libexec"/>
    <property name="file.separator" value="/"/>
    <property name="java.version.date" value="2021-07-20"/>
    <property name="java.vendor.url.bug" value="https://github.com/Homebrew/homebrew-core/issues"/>
    <property name="sun.io.unicode.encoding" value="UnicodeBig"/>
    <property name="sun.cpu.endian" value="little"/>
    <property name="java.vendor.version" value="Homebrew"/>
    <property name="socksNonProxyHosts" value="local|*.local|169.254/16|*.169.254/16"/>
    <property name="ftp.nonProxyHosts" value="local|*.local|169.254/16|*.169.254/16"/>
  </properties>
  <testcase classname="tests.TestLogin" name="testCreateLoginOtp" time="6.998"/>
  <testcase classname="tests.TestLogin" name="testVerifyLoginOtp" time="2.774"/>
  <testcase classname="tests.transactionsTests.TestUserTransactionsIntegration" name="testGetNftTransactions" time="1.684"/>
  <testcase classname="tests.transactionsTests.TestUserTransactionsIntegration" name="testGetUserTransactions" time="0.923"/>
  <testcase classname="tests.transactionsTests.TestUserTransactionsIntegration" name="testUpdateTransaction" time="1.584"/>
  <testcase classname="tests.contactsTests.TestContacts" name="testGetContact" time="1.592"/>
  <testcase classname="tests.contactsTests.TestContacts" name="testGetContactsOfAnUser" time="0.816"/>
  <testcase classname="tests.contactsTests.TestContacts" name="testImportOneOrMoreContacts" time="0.879"/>
  <testcase classname="tests.contactsTests.TestContacts" name="testUpdateContact" time="1.703"/>
  <testcase classname="tests.usersTests.TestUserIntegration" name="testGetUnauthorizedUser" time="0.759"/>
  <testcase classname="tests.usersTests.TestUserIntegration" name="testGetUser" time="1.876"/>
  <testcase classname="tests.usersTests.TestUserIntegration" name="testGetUserWithProvidingEmptyUserId" time="0.839"/>
  <testcase classname="tests.usersTests.TestUserIntegration" name="testGetWrongUser" time="0.814"/>
  <testcase classname="tests.usersTests.TestUserIntegration" name="testUpdateUser" time="1.632"/>
  <testcase classname="tests.usersTests.TestUserIntegration" name="testUserAttributes" time="0.882">
    <failure message="The Full Name is empty expected [false] but found [true]" type="java.lang.AssertionError">java.lang.AssertionError: The Full Name is empty expected [false] but found [true]
	at org.testng.Assert.fail(Assert.java:99)
	at org.testng.Assert.failNotEquals(Assert.java:1037)
	at org.testng.Assert.assertFalse(Assert.java:67)
	at tests.usersTests.TestUserIntegration.testUserAttributes(TestUserIntegration.java:56)
</failure>
    <system-out>{
    &quot;message&quot;: &quot;User deleted successfully!&quot;,
    &quot;data&quot;: {
        
    }
}
Request method:	GET
Request URI:	https://api.nearlogin.io/users/9209G8CtVQ7m458yafC7x
Proxy:			&lt;none&gt;
Request params:	&lt;none&gt;
Query params:	&lt;none&gt;
Form params:	&lt;none&gt;
Path params:	&lt;none&gt;
Headers:		Authorization=Bearer eyJraWQiOiJmdjZkSFwvQ05Bajk5bE10b2V2K2hrMFVBUWRZeGRyK2dlTGNJYWpqRTlCMD0iLCJhbGciOiJSUzI1NiJ9.eyJvcmlnaW5fanRpIjoiNjYyYjE2MjMtMzAyNy00YzRlLThhMDktOGYyOTUzMjU2Zjg4Iiwic3ViIjoiZTc4YjBjYmUtYjlhZi00OTE0LTg3YmMtYTc2YmJhODhhZThlIiwiZXZlbnRfaWQiOiJiZWE1YzJiZC1hMDUxLTQ0YjAtODFlNS0wMjY4NzNmMGVhZjIiLCJ0b2tlbl91c2UiOiJhY2Nlc3MiLCJzY29wZSI6ImF3cy5jb2duaXRvLnNpZ25pbi51c2VyLmFkbWluIiwiYXV0aF90aW1lIjoxNjQyMzc1MTcxLCJpc3MiOiJodHRwczpcL1wvY29nbml0by1pZHAudXMtZWFzdC0xLmFtYXpvbmF3cy5jb21cL3VzLWVhc3QtMV9hSlUxRThUWVciLCJleHAiOjE2NDI0NjE1NzEsImlhdCI6MTY0MjM3NTE3MSwianRpIjoiYTUzYWU0Y2ItZTA4OS00ZjM2LWE5MjEtN2VhMTU4MWEwNGEwIiwiY2xpZW50X2lkIjoiMWg4ajM3ZW44ZXEwNGU0bnVsOGw3Z2U0YW4iLCJ1c2VybmFtZSI6ImF3cmx3bWJxd3QubmVhciJ9.Ke2AS3sY6vCpej6cA3UlXpGgd-dB7QUXlZKJNKqgCdAOKgpKL3hSTnuDOR2K9ZQb5K-hk-d8mWvSvpkhcoWfazBIiU7DIfB_NkxHErAkw-K44HLF9c329tLHKPaUyXwp0yeCV_VfXTrOUsjlyE9Q9gnU2oHwE8DmpDc05tcLXMvRgRAu7Q4GWabWqup2oIL3mZB_5UlJkGstJvGKKcElrIyh-E1w4D4kJpjna1Cax9x4BRUAAXBgwaLuSMVZNgTDQ0ud7wQiY_FkVTkxyASGNCrqvAlgzI9kRE9gLjflaUS823iB59v-p9eeH0LRglYnhs7afVMkFBx3RAQPceAbPA
				Accept=*/*
Cookies:		&lt;none&gt;
Multiparts:		&lt;none&gt;
Body:			&lt;none&gt;
{
    &quot;message&quot;: &quot;User retrieved successfully!&quot;,
    &quot;data&quot;: {
        &quot;updated&quot;: 1642375174121,
        &quot;user_id&quot;: &quot;9209G8CtVQ7m458yafC7x&quot;,
        &quot;wallet_status&quot;: &quot;pending&quot;,
        &quot;status&quot;: &quot;deleted&quot;,
        &quot;created&quot;: 1642375171012,
        &quot;full_name&quot;: &quot;mnqdtgssij&quot;,
        &quot;email&quot;: &quot;qyswggywgs@test.com&quot;,
        &quot;wallet_id&quot;: &quot;awrlwmbqwt.near&quot;,
        &quot;phone&quot;: &quot;0016148751&quot;,
        &quot;verified&quot;: false
    }
}
Request method:	POST
Request URI:	https://api.nearlogin.io/user/create
Proxy:			&lt;none&gt;
Request params:	&lt;none&gt;
Query params:	&lt;none&gt;
Form params:	&lt;none&gt;
Path params:	&lt;none&gt;
Headers:		Accept=*/*
				Content-Type=application/json
Cookies:		&lt;none&gt;
Multiparts:		&lt;none&gt;
Body:
{
    &quot;full_name&quot;: &quot;Abdo xlhpjcmfgf&quot;,
    &quot;wallet_id&quot;: &quot;asbhjrvoxq.near&quot;,
    &quot;email&quot;: &quot;mopbmgrshq@test.com&quot;,
    &quot;phone&quot;: &quot;0014501916&quot;,
    &quot;walletName&quot;: &quot;asbhjrvoxq.near&quot;
}
{
    &quot;jwt_access_token&quot;: &quot;eyJraWQiOiJmdjZkSFwvQ05Bajk5bE10b2V2K2hrMFVBUWRZeGRyK2dlTGNJYWpqRTlCMD0iLCJhbGciOiJSUzI1NiJ9.eyJvcmlnaW5fanRpIjoiODEyNjhkZWMtNDdiZS00MjIyLTkxMDMtODhjNWMxNDA0YzZhIiwic3ViIjoiZGZjZmIzMDUtYzljNS00MTc5LWFhZGYtNDQwNGIwYzRjNWU1IiwiZXZlbnRfaWQiOiI0ZTU1Mjk1MS0xM2MzLTQ1NjAtYjk2OC03MTk0OWVlYTlkMDgiLCJ0b2tlbl91c2UiOiJhY2Nlc3MiLCJzY29wZSI6ImF3cy5jb2duaXRvLnNpZ25pbi51c2VyLmFkbWluIiwiYXV0aF90aW1lIjoxNjQyMzc1MTc2LCJpc3MiOiJodHRwczpcL1wvY29nbml0by1pZHAudXMtZWFzdC0xLmFtYXpvbmF3cy5jb21cL3VzLWVhc3QtMV9hSlUxRThUWVciLCJleHAiOjE2NDI0NjE1NzYsImlhdCI6MTY0MjM3NTE3NiwianRpIjoiZWIzYmMwM2UtNDUzYi00NzU5LTk0OTEtNTczMWM2ZmQ2ZWRhIiwiY2xpZW50X2lkIjoiMWg4ajM3ZW44ZXEwNGU0bnVsOGw3Z2U0YW4iLCJ1c2VybmFtZSI6ImFzYmhqcnZveHEubmVhciJ9.qvlVuXdmMd1w_ugzFxTCS_gkHriZ_NWC22VOW2qvEbZIMSfLXPz416K0Wu4-wx_lpjUQjjl9ZTjMMEnTNZhpfsap3iVbO-UCTS69qhCBvcQhGRzn8AjCIWiNsvCZkwmyUL7FJ_2UmvaZFoDB8-IeYoCSz7rVHMzMoTYxXufUoQNqdkSbMVEAKvB3nUbGc5YKuY33ohrnZQ8svLVni5ud1--0FdqmXIYY7DOLrI60lhHU8WwWMhq_2zogGFppVBPcaZjJcK9A7q5VDTfDrgAg0wY9y2QNjnbk_oFYX-EZPLns_xwpp96OKeaO20nA_kIZy1pEEOqMmV0gl8KlNrSCHA&quot;,
    &quot;jwt_id_token&quot;: &quot;eyJraWQiOiJScTVVUXU5UUZoRnlzVGQyZTBXb3BnYlBrcWRcL0pzMWprV1Y2RGtRNGdjND0iLCJhbGciOiJSUzI1NiJ9.eyJvcmlnaW5fanRpIjoiODEyNjhkZWMtNDdiZS00MjIyLTkxMDMtODhjNWMxNDA0YzZhIiwic3ViIjoiZGZjZmIzMDUtYzljNS00MTc5LWFhZGYtNDQwNGIwYzRjNWU1IiwiYXVkIjoiMWg4ajM3ZW44ZXEwNGU0bnVsOGw3Z2U0YW4iLCJldmVudF9pZCI6IjRlNTUyOTUxLTEzYzMtNDU2MC1iOTY4LTcxOTQ5ZWVhOWQwOCIsInRva2VuX3VzZSI6ImlkIiwiYXV0aF90aW1lIjoxNjQyMzc1MTc2LCJpc3MiOiJodHRwczpcL1wvY29nbml0by1pZHAudXMtZWFzdC0xLmFtYXpvbmF3cy5jb21cL3VzLWVhc3QtMV9hSlUxRThUWVciLCJjb2duaXRvOnVzZXJuYW1lIjoiYXNiaGpydm94cS5uZWFyIiwiZXhwIjoxNjQyNDYxNTc2LCJpYXQiOjE2NDIzNzUxNzYsImp0aSI6ImEyNGFkZjU5LThiYmEtNDI5ZC1hMDJhLTEwZWFjM2JhZDQxOSJ9.S0TP5uHXDNolKf6Gyf7VGod48eu_m8FXeyCpAEddt19T0sp23nuIAKa35t3Pf3AzyJEcJyJ3eIb0hc5YuMSsX3EQjcizajOsd1R-ydFmHykLx40xqvKjXwkeN4TsMHPzWRmEip0XfOwmozIeUCPjAiGBfE7Jw9RAbSPQCRfi5RMx2HBVPsZ0L7uu-jwisgfFW4EZvtFg8rlPbMm3ggYbseog-UOQaCRx2feCalRYJxbMwRstHV_9TBJz3fEfs2w2mrCsfX_YCYkLkvBw0TQv8PypjeSTQGerwI92l6EDAvT8TPhHo9Gci9yBHyVzLOglkDX7t9pwvNYf23ACpSLvcg&quot;,
    &quot;jwt_refresh_token&quot;: &quot;eyJjdHkiOiJKV1QiLCJlbmMiOiJBMjU2R0NNIiwiYWxnIjoiUlNBLU9BRVAifQ.kbvXG2z56zs6QhmT4irQfBtMA5f5FQpZexnQTNycMOuummDp_9U3VF55Asd2luFlQgr67SWfVUtAkZmOPrwUSJpXBNGfzgeJQIDe-Eod0lF7W42QRmRW4SR9Q0EhTaCiJ-I9maPw2FjkqZ6Y8m4NtzjXS-mDG3E2OsP7_zUZKWa0J6z_aNSw8VrdAssovkAsFD2mnW8HNxkVdIYm9doXazkP-LLFk2TXF8-Ljhb4ArehbpBKJD60n1Kfo-4kmT6_iLI2UgFuMhYGcfd4Eqxc-GhepGV8xEi-_icXIby1pYGT93hMy_PbrGFkKtqJjmjUB4a2rggvFuMvvuk1AS2k5g.b5PIWHe8PoX25qei.UAah-aRFM1kUO0ThMoL74X7V8o78--xHfwjRljGF5P5dUv8aVVsIuSoP0zdjiTrs-y7X3PZ4rSYmFzn3INFb33EnH4HnaHA9ZUUsUtDTz3QJk9JoErsq2JxzpK6QD7tJVpAZebwb7Y4PcdowtJUXWqyR9B3HuZbsf2umeFGey70wCP-Pd7SzeLGi6a-1HQSQ0vTjRxkNHmj5HofpVKnae4NJcQhmmV8vpMpvc3spcIWoC1JmF8Q6EjM9c73bQRw1lJ26_3czAYtzgLQNCY60AWtDAX9Gz08mMP3_BhMuOCk8HWTTvL1KCRSX5cGJ8E5TqkOgMWzpjle5qJXMeKD8HgW0svz7HCqq8y9PM29xPUiBxOrWv1BH2C3NEAGvzb36qPC40SkRqSWvuKg3Q2pdvrnboHd9V_jtpZEur-VVCfDRVt2PQXxA1oBDXRmJQPAn0gXCAGQIu1z0XxEAiIfce6uFhUVeJPsZHq6MTgO6yEp_5ph6c7050yCwM7zrqwhMbdQ2QA05HOeVQfWRn-OrtB8jqyxZuHuyA0o3YoTpNbpGezUAXTkhOf4EyNqd0ZWteDjSmpqy6O1XEj58m4cOGw7bLi2GV1fsQaM--MzkY775S4OGLRkLybcSGilUUitINY1zyTBYhvQ3unY9lUsKvv1elXB2ug5Hdn6Yu2zRo4xPfER3lEfxSpHm6LDO_egdwlqguIXhdqsDi9swUruxB6VHfmK49Fu-XIdSankCPXN1m3jTxCyrDp6oMIcKyCwk2oCxFzS4hQTcxkKyvz3DtFeb2QhQ6A98_GLbPDQPic74qghsPMoe-m_S1kXw-7lHt3z_ZAJ2GDM2i_-BVSr1mofEYATYKTFL4frr3GIuAdOiY7M6cKn4lUttl4ItoC8GrboGfrWtOBIf_wXNK_LemGIyFnFXFUilM3stBCrmv_m1HN35IrnLayNm-evvDJclRDIJHt9oi0XuYnY6mDTjqOKwlTdHcoCPt7teLQzESVlJqZ1Mwd6QbusLHAchdDdygYyH1zyA8_vycYLnj2SsNU3bec9wjDufcyD2Hh2KlPMXj7RUpI3HGOFq2YPmX6m2SwurFvFInKbvtoWG19NlktIEdrfxLMLsSa93COwsb6iVSksIFVozxOn-Msy2riSZNH42M9wUcJkxnHIM0Nu0IhWQWSPWdKkRHJi5Bduh_qiBkCdavY85EmgOAQYUwfOXuAiTaZ0_uXUiUSLBVq2jBj7yfeBVjRZW1ygvWVzJhnP9-6eClzsyejX6vhwxYaJ5Y73JxpVG-3YVYuthTcX9.RN4KMLAa5fADHt0BPHyHlw&quot;,
    &quot;user_info&quot;: {
        &quot;user_id&quot;: &quot;3xSqAfDror25_0QREd7bd&quot;,
        &quot;wallet_status&quot;: &quot;pending&quot;,
        &quot;status&quot;: &quot;active&quot;,
        &quot;created&quot;: 1642375175983,
        &quot;full_name&quot;: &quot;&quot;,
        &quot;email&quot;: &quot;mopbmgrshq@test.com&quot;,
        &quot;wallet_id&quot;: &quot;asbhjrvoxq.near&quot;,
        &quot;phone&quot;: &quot;0014501916&quot;,
        &quot;verified&quot;: false
    }
}
Request method:	GET
Request URI:	https://api.nearlogin.io/users/3xSqAfDror25_0QREd7bd
Proxy:			&lt;none&gt;
Request params:	&lt;none&gt;
Query params:	&lt;none&gt;
Form params:	&lt;none&gt;
Path params:	&lt;none&gt;
Headers:		Authorization=Bearer eyJraWQiOiJmdjZkSFwvQ05Bajk5bE10b2V2K2hrMFVBUWRZeGRyK2dlTGNJYWpqRTlCMD0iLCJhbGciOiJSUzI1NiJ9.eyJvcmlnaW5fanRpIjoiODEyNjhkZWMtNDdiZS00MjIyLTkxMDMtODhjNWMxNDA0YzZhIiwic3ViIjoiZGZjZmIzMDUtYzljNS00MTc5LWFhZGYtNDQwNGIwYzRjNWU1IiwiZXZlbnRfaWQiOiI0ZTU1Mjk1MS0xM2MzLTQ1NjAtYjk2OC03MTk0OWVlYTlkMDgiLCJ0b2tlbl91c2UiOiJhY2Nlc3MiLCJzY29wZSI6ImF3cy5jb2duaXRvLnNpZ25pbi51c2VyLmFkbWluIiwiYXV0aF90aW1lIjoxNjQyMzc1MTc2LCJpc3MiOiJodHRwczpcL1wvY29nbml0by1pZHAudXMtZWFzdC0xLmFtYXpvbmF3cy5jb21cL3VzLWVhc3QtMV9hSlUxRThUWVciLCJleHAiOjE2NDI0NjE1NzYsImlhdCI6MTY0MjM3NTE3NiwianRpIjoiZWIzYmMwM2UtNDUzYi00NzU5LTk0OTEtNTczMWM2ZmQ2ZWRhIiwiY2xpZW50X2lkIjoiMWg4ajM3ZW44ZXEwNGU0bnVsOGw3Z2U0YW4iLCJ1c2VybmFtZSI6ImFzYmhqcnZveHEubmVhciJ9.qvlVuXdmMd1w_ugzFxTCS_gkHriZ_NWC22VOW2qvEbZIMSfLXPz416K0Wu4-wx_lpjUQjjl9ZTjMMEnTNZhpfsap3iVbO-UCTS69qhCBvcQhGRzn8AjCIWiNsvCZkwmyUL7FJ_2UmvaZFoDB8-IeYoCSz7rVHMzMoTYxXufUoQNqdkSbMVEAKvB3nUbGc5YKuY33ohrnZQ8svLVni5ud1--0FdqmXIYY7DOLrI60lhHU8WwWMhq_2zogGFppVBPcaZjJcK9A7q5VDTfDrgAg0wY9y2QNjnbk_oFYX-EZPLns_xwpp96OKeaO20nA_kIZy1pEEOqMmV0gl8KlNrSCHA
				Accept=*/*
Cookies:		&lt;none&gt;
Multiparts:		&lt;none&gt;
Body:			&lt;none&gt;
{
    &quot;message&quot;: &quot;User retrieved successfully!&quot;,
    &quot;data&quot;: {
        &quot;user_id&quot;: &quot;3xSqAfDror25_0QREd7bd&quot;,
        &quot;wallet_status&quot;: &quot;pending&quot;,
        &quot;status&quot;: &quot;active&quot;,
        &quot;created&quot;: 1642375175983,
        &quot;full_name&quot;: &quot;&quot;,
        &quot;wallet_id&quot;: &quot;asbhjrvoxq.near&quot;,
        &quot;email&quot;: &quot;mopbmgrshq@test.com&quot;,
        &quot;phone&quot;: &quot;0014501916&quot;,
        &quot;verified&quot;: false
    }
}
</system-out>
  </testcase>
  <testcase classname="tests.nftsTests.TestNfts" name="testGetAllNfts" time="2.156">
    <failure message="The status code should be 200 expected [200] but found [500]" type="java.lang.AssertionError">java.lang.AssertionError: The status code should be 200 expected [200] but found [500]
	at org.testng.Assert.fail(Assert.java:99)
	at org.testng.Assert.failNotEquals(Assert.java:1037)
	at org.testng.Assert.assertEqualsImpl(Assert.java:140)
	at org.testng.Assert.assertEquals(Assert.java:122)
	at org.testng.Assert.assertEquals(Assert.java:907)
	at tests.nftsTests.TestNfts.testGetAllNfts(TestNfts.java:49)
</failure>
    <system-out>{
    &quot;message&quot;: &quot;User deleted successfully!&quot;,
    &quot;data&quot;: {
        
    }
}
Request method:	GET
Request URI:	https://api.nearlogin.io/users/3xSqAfDror25_0QREd7bd
Proxy:			&lt;none&gt;
Request params:	&lt;none&gt;
Query params:	&lt;none&gt;
Form params:	&lt;none&gt;
Path params:	&lt;none&gt;
Headers:		Authorization=Bearer eyJraWQiOiJmdjZkSFwvQ05Bajk5bE10b2V2K2hrMFVBUWRZeGRyK2dlTGNJYWpqRTlCMD0iLCJhbGciOiJSUzI1NiJ9.eyJvcmlnaW5fanRpIjoiODEyNjhkZWMtNDdiZS00MjIyLTkxMDMtODhjNWMxNDA0YzZhIiwic3ViIjoiZGZjZmIzMDUtYzljNS00MTc5LWFhZGYtNDQwNGIwYzRjNWU1IiwiZXZlbnRfaWQiOiI0ZTU1Mjk1MS0xM2MzLTQ1NjAtYjk2OC03MTk0OWVlYTlkMDgiLCJ0b2tlbl91c2UiOiJhY2Nlc3MiLCJzY29wZSI6ImF3cy5jb2duaXRvLnNpZ25pbi51c2VyLmFkbWluIiwiYXV0aF90aW1lIjoxNjQyMzc1MTc2LCJpc3MiOiJodHRwczpcL1wvY29nbml0by1pZHAudXMtZWFzdC0xLmFtYXpvbmF3cy5jb21cL3VzLWVhc3QtMV9hSlUxRThUWVciLCJleHAiOjE2NDI0NjE1NzYsImlhdCI6MTY0MjM3NTE3NiwianRpIjoiZWIzYmMwM2UtNDUzYi00NzU5LTk0OTEtNTczMWM2ZmQ2ZWRhIiwiY2xpZW50X2lkIjoiMWg4ajM3ZW44ZXEwNGU0bnVsOGw3Z2U0YW4iLCJ1c2VybmFtZSI6ImFzYmhqcnZveHEubmVhciJ9.qvlVuXdmMd1w_ugzFxTCS_gkHriZ_NWC22VOW2qvEbZIMSfLXPz416K0Wu4-wx_lpjUQjjl9ZTjMMEnTNZhpfsap3iVbO-UCTS69qhCBvcQhGRzn8AjCIWiNsvCZkwmyUL7FJ_2UmvaZFoDB8-IeYoCSz7rVHMzMoTYxXufUoQNqdkSbMVEAKvB3nUbGc5YKuY33ohrnZQ8svLVni5ud1--0FdqmXIYY7DOLrI60lhHU8WwWMhq_2zogGFppVBPcaZjJcK9A7q5VDTfDrgAg0wY9y2QNjnbk_oFYX-EZPLns_xwpp96OKeaO20nA_kIZy1pEEOqMmV0gl8KlNrSCHA
				Accept=*/*
Cookies:		&lt;none&gt;
Multiparts:		&lt;none&gt;
Body:			&lt;none&gt;
{
    &quot;message&quot;: &quot;User retrieved successfully!&quot;,
    &quot;data&quot;: {
        &quot;updated&quot;: 1642375178257,
        &quot;user_id&quot;: &quot;3xSqAfDror25_0QREd7bd&quot;,
        &quot;wallet_status&quot;: &quot;pending&quot;,
        &quot;status&quot;: &quot;deleted&quot;,
        &quot;created&quot;: 1642375175983,
        &quot;full_name&quot;: &quot;&quot;,
        &quot;email&quot;: &quot;mopbmgrshq@test.com&quot;,
        &quot;wallet_id&quot;: &quot;asbhjrvoxq.near&quot;,
        &quot;phone&quot;: &quot;0014501916&quot;,
        &quot;verified&quot;: false
    }
}
Request method:	POST
Request URI:	https://api.nearlogin.io/user/create
Proxy:			&lt;none&gt;
Request params:	&lt;none&gt;
Query params:	&lt;none&gt;
Form params:	&lt;none&gt;
Path params:	&lt;none&gt;
Headers:		Accept=*/*
				Content-Type=application/json
Cookies:		&lt;none&gt;
Multiparts:		&lt;none&gt;
Body:
{
    &quot;full_name&quot;: &quot;Abdo kxlxpemulf&quot;,
    &quot;wallet_id&quot;: &quot;yanrotuajq.near&quot;,
    &quot;email&quot;: &quot;dvqgqjrsev@test.com&quot;,
    &quot;phone&quot;: &quot;0017747834&quot;,
    &quot;walletName&quot;: &quot;yanrotuajq.near&quot;
}
{
    &quot;jwt_access_token&quot;: &quot;eyJraWQiOiJmdjZkSFwvQ05Bajk5bE10b2V2K2hrMFVBUWRZeGRyK2dlTGNJYWpqRTlCMD0iLCJhbGciOiJSUzI1NiJ9.eyJvcmlnaW5fanRpIjoiNzcxZjc4ZWMtZDZlNi00MDUwLTk3YmUtY2E4MzdlMWEzMDRkIiwic3ViIjoiNGE1MGQ4YjgtODdmNC00NGRlLThlZWEtZGJkNzkxYzg4MDQ3IiwiZXZlbnRfaWQiOiJmNTU4YWI1Yi0zZGZiLTQwYjItYThiMC01NTY0NGI4NjEzZGQiLCJ0b2tlbl91c2UiOiJhY2Nlc3MiLCJzY29wZSI6ImF3cy5jb2duaXRvLnNpZ25pbi51c2VyLmFkbWluIiwiYXV0aF90aW1lIjoxNjQyMzc1MTgwLCJpc3MiOiJodHRwczpcL1wvY29nbml0by1pZHAudXMtZWFzdC0xLmFtYXpvbmF3cy5jb21cL3VzLWVhc3QtMV9hSlUxRThUWVciLCJleHAiOjE2NDI0NjE1ODAsImlhdCI6MTY0MjM3NTE4MCwianRpIjoiYWY2Y2E5ODAtNWEwMS00MjcxLWFiNjMtNDk2Njc4ZjY2MzU2IiwiY2xpZW50X2lkIjoiMWg4ajM3ZW44ZXEwNGU0bnVsOGw3Z2U0YW4iLCJ1c2VybmFtZSI6InlhbnJvdHVhanEubmVhciJ9.zZQQx7rBN5uSCrMyQCqsuDYzdjH_I0os3dazn57fDxtD6kH8CcecHC038GAzuLIYuv2vju60G5hw-3PqLi861QFt_zkCoK_5FG0idXVPnmhnMDvRlGRYSVvE_MjEkBqu1maNi6sB_0pf56InknvRSBcmzdj505oO6T8amoVFmhWMsQV1xc9YS_dUEFFz2TEMyxRp-ZJVXFU884WU4QdwMpDKHlKjxjFkamMJr4HRkdOF0wV9bUs8-QnGMXZ7DweMOS8i6q--ssR4ORbz8z9OUcmsEW28qeoTUWvweAriPCJKHzqHa_ZCP4xETkZdXkfhQLRJWMxk0gHDJ28tnRmvGQ&quot;,
    &quot;jwt_id_token&quot;: &quot;eyJraWQiOiJScTVVUXU5UUZoRnlzVGQyZTBXb3BnYlBrcWRcL0pzMWprV1Y2RGtRNGdjND0iLCJhbGciOiJSUzI1NiJ9.eyJvcmlnaW5fanRpIjoiNzcxZjc4ZWMtZDZlNi00MDUwLTk3YmUtY2E4MzdlMWEzMDRkIiwic3ViIjoiNGE1MGQ4YjgtODdmNC00NGRlLThlZWEtZGJkNzkxYzg4MDQ3IiwiYXVkIjoiMWg4ajM3ZW44ZXEwNGU0bnVsOGw3Z2U0YW4iLCJldmVudF9pZCI6ImY1NThhYjViLTNkZmItNDBiMi1hOGIwLTU1NjQ0Yjg2MTNkZCIsInRva2VuX3VzZSI6ImlkIiwiYXV0aF90aW1lIjoxNjQyMzc1MTgwLCJpc3MiOiJodHRwczpcL1wvY29nbml0by1pZHAudXMtZWFzdC0xLmFtYXpvbmF3cy5jb21cL3VzLWVhc3QtMV9hSlUxRThUWVciLCJjb2duaXRvOnVzZXJuYW1lIjoieWFucm90dWFqcS5uZWFyIiwiZXhwIjoxNjQyNDYxNTgwLCJpYXQiOjE2NDIzNzUxODAsImp0aSI6IjM4NzdkNmU0LTIwODItNDVlYi1hY2EwLWQxMzM3NmQ2ZjlkZCJ9.wUO7noQOroIWdYLE4U4F000mHRNBpPo23pUEyiF4CdSom_W827qxKfbRhPkhjHnePaXCIgaiBlST_4KI1gP762D1d7QEyRiddJ8rUEJQiW6c--emxTLIiYiVOswTPGRn-87c-8D1mAAlNs394FHJp_2eThG3s330o54vP41ZEI8iz4uqTim0yby4ukPMO03J5PH0M-fKODrNdMQEHzPKNGx9JZL5844KXXyDKKuXzvHkmzxD6yrBGNktppJSOe1KwQP3jLMt1FXmLHhJNB5rSR3VlZX3Rk8BxIr7qImyVapR76z7cOO41XrmSc6kTYPyol-9-ZWJw2rv5asNct8WJw&quot;,
    &quot;jwt_refresh_token&quot;: &quot;eyJjdHkiOiJKV1QiLCJlbmMiOiJBMjU2R0NNIiwiYWxnIjoiUlNBLU9BRVAifQ.NDLdGv6qn3D9zoVrcQXYnWUDVrjJr87Ggs1Rkz3Vnwq1zsreLaalE7MaWnRSI2OygyWkyBXOSUJHPRxQGhpfHap_IcrDzghi_gCBJEVS7oTJSCKDjWN8wKl7nwZFaA-Ii-mJN3qmK2kKHvCDuD3P4_IE3Z1uFZeZz9szLQEiaV7HgYCvY7mE3y54p2KuYO0GDDAIAt3kFwjLcfj3xjvuHK_tN9eDprglNdGjmqSRVCeH1V7gGItVTaFa59ax5LK9okc0Y7lk74PvemBQtQKtScAA4fHQoHDlE33xJMhx6N6JHBJSep7ggautquV-Wnbfdla_DXv_lIc_URO7T0Daeg.jPXO9kr4bdgy4JuU.v6kJWhGU2M2qJ150pCgK9mB41bIuA6LzdCh3Fili7WtvGsdd237sLhnTJeW9YfAABRn_n1z8aKCZ1MOwuklJlXKNwpM_lS6NxbMiD-PoSN3QdX5DJ8g0u9CahyGAwM3pTpE_MNWj9HAeyA1zGk8tKvCyeGHDwDY3ccLk8_el_ICUY1h-XxlvDH5Rky2Kwrz0dh_Lb8zHGI3zIShrxxf3veakIsXoP37CVb5S6nLzxTdD3IFewma1XRN1oBE0fpcSl9Feg6cQLYzCbeua2LmIPxW6d0EmBodgp1un7YmCCcywoB8uaAGOwPJMXP-IURvogVKiLg9Ih9AtZpTzegckntU58DLduXOVj5gfStDqnEr35E_QEE1gqf2ov-IvN2ajCACvn3y807-D1SrjxqQY_U5mUQUArKM_0ezoAlu8GxgsZekgyNQH_ywsqrED0JRkwnOJ5CwUUvGenUHvUVLIa0jVEPLi1vnp4yo2linN_mIE0k3YAs_tcXUbmngmpv2CYzWTOE8AGGWpXk_NR9u2pQUWCvT5cHX_VDXk6v3bFXekL4Iy7d8_z6ur6rq6OpmEoNeBF4UeeVBhhbbolcMXgZlmhbM_q7JGGzl_3qgGcHkdiyTcBm2Co5SFeLijRNGOwLYVdSxpiW94lkiF1WJ1tKr3WG3nnUY_9wyYqJrXm1JGe_WwmsV1Zavk-hEHvI81EX-RLZBfgYKisPhviL6EeN1zy-wDEynbDhkotReeibZAkWGbK9XqRDh621t-dt41aMXQ2ZGBZr2hH2RnHbklJUthUhXgcAhzBEB0_YaYQnyImF7XRYdYadRNOutAP15XN6FVFOuBDV3kxf9i7FFEBj9wcgsJ6e8oiWumnrpmLj9IL6JhrTpzqyXDe75Bwfnt8gX6OtYF2Q-1wxPystXe7qhYnXHXahyqLJzaenf_18XeI8iTTuHcU2ueqefeBPxCnH9-GcsRhe9d0JcI2Xzw5o1e-lPGtbSOojCp0rH-YOKvWgXhPC42G6ydxHptNlRa0QHknezKUc2ahV39riboxM0DxN8dTf6_9p9uH-t63bwM56x65BpQxrOR6WhypkkvzDZKs9MCJMcvsJVDSVaQe-SvMI25dImhDohD6j4q4aObSVM22RWJzdm5s2mSHeWh-JmTkzEEooCOLOAJkhIMnoF3ms0XUrlsx0UEGQCDNGlAbnPjk6Ek9s5pRtoUVGjMysJ88OkGN9WQ6RNKQd8xQ3_0UVYUKfrJ8RyULjcthVK23EKpRsEj8qcgMjp99hgGV7PLdz-5vLn051Mipo6n.cB0NVQN6WWT9pWPWwEkNUA&quot;,
    &quot;user_info&quot;: {
        &quot;user_id&quot;: &quot;8wLFyYz90k8ml4cepvQUL&quot;,
        &quot;wallet_status&quot;: &quot;pending&quot;,
        &quot;status&quot;: &quot;active&quot;,
        &quot;created&quot;: 1642375180128,
        &quot;full_name&quot;: &quot;&quot;,
        &quot;email&quot;: &quot;dvqgqjrsev@test.com&quot;,
        &quot;wallet_id&quot;: &quot;yanrotuajq.near&quot;,
        &quot;phone&quot;: &quot;0017747834&quot;,
        &quot;verified&quot;: false
    }
}
{
    &quot;message&quot;: &quot;NFT creation successful!&quot;,
    &quot;data&quot;: {
        &quot;nft_id&quot;: &quot;9dLAh8XAFPfFIoYZJOOMg&quot;,
        &quot;updated&quot;: 1642375182894,
        &quot;status&quot;: &quot;active&quot;,
        &quot;created&quot;: 1642375182894,
        &quot;description&quot;: &quot;This is my automation framework!&quot;,
        &quot;owner_id&quot;: &quot;8wLFyYz90k8ml4cepvQUL&quot;,
        &quot;file_url&quot;: &quot;https://near-lambda-nft-files.s3.amazonaws.com/9dLAh8XAFPfFIoYZJOOMg_original_test-2.jpg&quot;,
        &quot;title&quot;: &quot;Hello from automation!&quot;
    },
    &quot;debug&quot;: {
        &quot;result&quot;: {
            
        },
        &quot;transaction_result&quot;: null
    }
}
</system-out>
  </testcase>
  <testcase classname="tests.nftsTests.TestNfts" name="testGetSingleNft" time="0.84"/>
  <testcase classname="tests.nftsTests.TestNfts" name="testUpdateNft" time="2.434"/>
</testsuite>