<?xml version="1.0" encoding="UTF-8" ?>
<testsuite tests="19" failures="1" name="TestSuite" time="39.344" errors="0" skipped="0">
  <properties>
    <property name="java.runtime.name" value="OpenJDK Runtime Environment"/>
    <property name="java.vm.version" value="16.0.2+0"/>
    <property name="sun.boot.library.path" value="/usr/local/Cellar/openjdk/16.0.2/libexec/openjdk.jdk/Contents/Home/lib"/>
    <property name="maven.multiModuleProjectDirectory" value="/Users/abdelrahmanmohammed/Desktop/up/near-apis"/>
    <property name="java.vm.vendor" value="Homebrew"/>
    <property name="java.vendor.url" value="https://github.com/Homebrew/homebrew-core/issues"/>
    <property name="guice.disable.misplaced.annotation.check" value="true"/>
    <property name="path.separator" value=":"/>
    <property name="java.vm.name" value="OpenJDK 64-Bit Server VM"/>
    <property name="user.country" value="EG"/>
    <property name="sun.java.launcher" value="SUN_STANDARD"/>
    <property name="java.vm.specification.name" value="Java Virtual Machine Specification"/>
    <property name="user.dir" value="/Users/abdelrahmanmohammed/Desktop/up/near-apis"/>
    <property name="java.vm.compressedOopsMode" value="Zero based"/>
    <property name="java.runtime.version" value="16.0.2+0"/>
    <property name="os.arch" value="x86_64"/>
    <property name="java.io.tmpdir" value="/var/folders/9s/46ty9gjj345csf88dfp68m3m0000gn/T/"/>
    <property name="line.separator" value="
"/>
    <property name="java.vm.specification.vendor" value="Oracle Corporation"/>
    <property name="os.name" value="Mac OS X"/>
    <property name="classworlds.conf" value="/usr/local/Cellar/maven/3.8.1/libexec/bin/m2.conf"/>
    <property name="sun.jnu.encoding" value="UTF-8"/>
    <property name="java.library.path" value="/Users/abdelrahmanmohammed/Library/Java/Extensions:/Library/Java/Extensions:/Network/Library/Java/Extensions:/System/Library/Java/Extensions:/usr/lib/java:."/>
    <property name="maven.conf" value="/usr/local/Cellar/maven/3.8.1/libexec/conf"/>
    <property name="jdk.debug" value="release"/>
    <property name="java.class.version" value="60.0"/>
    <property name="java.specification.name" value="Java Platform API Specification"/>
    <property name="sun.management.compiler" value="HotSpot 64-Bit Tiered Compilers"/>
    <property name="os.version" value="11.3.1"/>
    <property name="library.jansi.path" value="/usr/local/Cellar/maven/3.8.1/libexec/lib/jansi-native"/>
    <property name="http.nonProxyHosts" value="local|*.local|169.254/16|*.169.254/16"/>
    <property name="user.home" value="/Users/abdelrahmanmohammed"/>
    <property name="user.timezone" value="Africa/Cairo"/>
    <property name="file.encoding" value="UTF-8"/>
    <property name="java.specification.version" value="16"/>
    <property name="user.name" value="abdelrahmanmohammed"/>
    <property name="java.class.path" value="/usr/local/Cellar/maven/3.8.1/libexec/boot/plexus-classworlds-2.6.0.jar"/>
    <property name="java.vm.specification.version" value="16"/>
    <property name="sun.arch.data.model" value="64"/>
    <property name="sun.java.command" value="org.codehaus.plexus.classworlds.launcher.Launcher clean install"/>
    <property name="java.home" value="/usr/local/Cellar/openjdk/16.0.2/libexec/openjdk.jdk/Contents/Home"/>
    <property name="user.language" value="en"/>
    <property name="java.specification.vendor" value="Oracle Corporation"/>
    <property name="java.vm.info" value="mixed mode, sharing"/>
    <property name="java.version" value="16.0.2"/>
    <property name="java.vendor" value="Homebrew"/>
    <property name="maven.home" value="/usr/local/Cellar/maven/3.8.1/libexec"/>
    <property name="file.separator" value="/"/>
    <property name="java.version.date" value="2021-07-20"/>
    <property name="java.vendor.url.bug" value="https://github.com/Homebrew/homebrew-core/issues"/>
    <property name="sun.io.unicode.encoding" value="UnicodeBig"/>
    <property name="sun.cpu.endian" value="little"/>
    <property name="java.vendor.version" value="Homebrew"/>
    <property name="socksNonProxyHosts" value="local|*.local|169.254/16|*.169.254/16"/>
    <property name="ftp.nonProxyHosts" value="local|*.local|169.254/16|*.169.254/16"/>
  </properties>
  <testcase classname="tests.TestLogin" name="createLoginOtp" time="9.179"/>
  <testcase classname="tests.TestLogin" name="verifyLoginOtp" time="2.448"/>
  <testcase classname="tests.transactionsTests.TestUserTransactionsIntegration" name="testCreateTransaction" time="1.609"/>
  <testcase classname="tests.transactionsTests.TestUserTransactionsIntegration" name="testGetUserTransactions" time="1.013"/>
  <testcase classname="tests.transactionsTests.TestUserTransactionsIntegration" name="testGetNftTransactions" time="1.654"/>
  <testcase classname="tests.transactionsTests.TestUserTransactionsIntegration" name="testUpdateTransaction" time="1.611"/>
  <testcase classname="tests.transactionsTests.TestUserTransactionsIntegration" name="testDeleteTransaction" time="1.956"/>
  <testcase classname="tests.transactionsTests.TestUserTransactionsIntegration" name="verifyTheTransactionStatusAfterDeleting" time="1.539"/>
  <testcase classname="tests.usersTests.TestUserIntegration" name="testCreateUser" time="1.744"/>
  <testcase classname="tests.usersTests.TestUserIntegration" name="testGetUser" time="1.683">
    <failure message="The Full Name is empty did not expect [] but found []" type="java.lang.AssertionError">java.lang.AssertionError: The Full Name is empty did not expect [] but found []
	at org.testng.Assert.fail(Assert.java:99)
	at org.testng.Assert.failEquals(Assert.java:1041)
	at org.testng.Assert.assertNotEqualsImpl(Assert.java:147)
	at org.testng.Assert.assertNotEquals(Assert.java:1531)
	at tests.usersTests.TestUserIntegration.testGetUser(TestUserIntegration.java:40)
</failure>
    <system-out>Request method:	GET
Request URI:	https://api.nearlogin.io/users/QRvAtUjyEYjVuvfhr2L5M
Proxy:			&lt;none&gt;
Request params:	&lt;none&gt;
Query params:	&lt;none&gt;
Form params:	&lt;none&gt;
Path params:	&lt;none&gt;
Headers:		Authorization=Bearer eyJraWQiOiJmdjZkSFwvQ05Bajk5bE10b2V2K2hrMFVBUWRZeGRyK2dlTGNJYWpqRTlCMD0iLCJhbGciOiJSUzI1NiJ9.eyJvcmlnaW5fanRpIjoiMDljNjFiZDktNzkzMy00N2M4LWI4Y2ItNWU2MTQ3NzIxZTYwIiwic3ViIjoiMTBjYjJkYjktMjY1YS00NTg5LTk1ZTEtYTdlMTM1YTVhYThmIiwiZXZlbnRfaWQiOiJlMmZmOGNkNC1kMDBjLTQxMjMtODdjMi1mOTBiMzQzNWExNGYiLCJ0b2tlbl91c2UiOiJhY2Nlc3MiLCJzY29wZSI6ImF3cy5jb2duaXRvLnNpZ25pbi51c2VyLmFkbWluIiwiYXV0aF90aW1lIjoxNjQyMjEyNTQ5LCJpc3MiOiJodHRwczpcL1wvY29nbml0by1pZHAudXMtZWFzdC0xLmFtYXpvbmF3cy5jb21cL3VzLWVhc3QtMV9hSlUxRThUWVciLCJleHAiOjE2NDIyOTg5NDksImlhdCI6MTY0MjIxMjU0OSwianRpIjoiMWI0NjlkZTUtYjRjZi00MjYzLWI3YzctMzFjNDEwNjA1NWE4IiwiY2xpZW50X2lkIjoiMWg4ajM3ZW44ZXEwNGU0bnVsOGw3Z2U0YW4iLCJ1c2VybmFtZSI6InFhaWtmZXNjc3EubmVhciJ9.IwVPaFJrIFlx7V3fGUu-ThVRfOp-XlQyCkyBG2PYm43AMG0e-_NrDPQ354D8J_kgik2fnvEeHjTAgA2axzo7PQTS8lkYI1tAlp8AfeQXiEdLgUHXqPG6rdUVQ4Q82Irrs6HF4yeXvXUW3OGp3extx3cYb7geNBV000HVtd57lukzOIvQbO4gXTy284QfQ_4BlreE0CCzF8KwMIu8TMCnLIzHfa6d4xK72HkBQwIWrqMKGvLZoJ3a5rlXfJNh5tMBACL14x0tJdgn0j86gcC-3CsgcPE-qZsv5jHeXoH1JeKZro1hDBBK9_jZVH5VEsUmiaNU-5-KjqS8ZvOEa9uyeQ
				Accept=*/*
Cookies:		&lt;none&gt;
Multiparts:		&lt;none&gt;
Body:			&lt;none&gt;
{
    &quot;message&quot;: &quot;User retrieved successfully!&quot;,
    &quot;data&quot;: {
        &quot;user_id&quot;: &quot;QRvAtUjyEYjVuvfhr2L5M&quot;,
        &quot;wallet_status&quot;: &quot;pending&quot;,
        &quot;status&quot;: &quot;active&quot;,
        &quot;created&quot;: 1642212549196,
        &quot;full_name&quot;: &quot;&quot;,
        &quot;wallet_id&quot;: &quot;qaikfescsq.near&quot;,
        &quot;email&quot;: &quot;octigrqwjl@test.com&quot;,
        &quot;phone&quot;: &quot;0013493952&quot;,
        &quot;verified&quot;: false
    }
}
</system-out>
  </testcase>
  <testcase classname="tests.usersTests.TestUserIntegration" name="testUpdateUser" time="2.443"/>
  <testcase classname="tests.usersTests.TestUserIntegration" name="testDeleteUser" time="0.821"/>
  <testcase classname="tests.usersTests.TestUserIntegration" name="verifyTheUserStatusAfterDeleting" time="0.869"/>
  <testcase classname="tests.nftsTests.TestNfts" name="testCreateNft" time="1.329"/>
  <testcase classname="tests.nftsTests.TestNfts" name="testGetAllNfts" time="4.848"/>
  <testcase classname="tests.nftsTests.TestNfts" name="testGetSingleNft" time="0.968"/>
  <testcase classname="tests.nftsTests.TestNfts" name="testUpdateNft" time="1.923"/>
  <testcase classname="tests.nftsTests.TestNfts" name="testDeleteNft" time="0.884"/>
  <testcase classname="tests.nftsTests.TestNfts" name="verifyTheNftStatusAfterDeleting" time="0.823"/>
</testsuite>