<?xml version="1.0" encoding="UTF-8" ?>
<testsuite tests="19" failures="1" name="TestSuite" time="36.868" errors="0" skipped="0">
  <properties>
    <property name="java.runtime.name" value="OpenJDK Runtime Environment"/>
    <property name="java.vm.version" value="16.0.2+0"/>
    <property name="sun.boot.library.path" value="/usr/local/Cellar/openjdk/16.0.2/libexec/openjdk.jdk/Contents/Home/lib"/>
    <property name="maven.multiModuleProjectDirectory" value="/Users/abdelrahmanmohammed/Desktop/up/near-apis"/>
    <property name="java.vm.vendor" value="Homebrew"/>
    <property name="java.vendor.url" value="https://github.com/Homebrew/homebrew-core/issues"/>
    <property name="guice.disable.misplaced.annotation.check" value="true"/>
    <property name="path.separator" value=":"/>
    <property name="java.vm.name" value="OpenJDK 64-Bit Server VM"/>
    <property name="user.country" value="EG"/>
    <property name="sun.java.launcher" value="SUN_STANDARD"/>
    <property name="java.vm.specification.name" value="Java Virtual Machine Specification"/>
    <property name="user.dir" value="/Users/abdelrahmanmohammed/Desktop/up/near-apis"/>
    <property name="java.vm.compressedOopsMode" value="Zero based"/>
    <property name="java.runtime.version" value="16.0.2+0"/>
    <property name="os.arch" value="x86_64"/>
    <property name="java.io.tmpdir" value="/var/folders/9s/46ty9gjj345csf88dfp68m3m0000gn/T/"/>
    <property name="line.separator" value="
"/>
    <property name="java.vm.specification.vendor" value="Oracle Corporation"/>
    <property name="os.name" value="Mac OS X"/>
    <property name="classworlds.conf" value="/usr/local/Cellar/maven/3.8.1/libexec/bin/m2.conf"/>
    <property name="sun.jnu.encoding" value="UTF-8"/>
    <property name="java.library.path" value="/Users/abdelrahmanmohammed/Library/Java/Extensions:/Library/Java/Extensions:/Network/Library/Java/Extensions:/System/Library/Java/Extensions:/usr/lib/java:."/>
    <property name="maven.conf" value="/usr/local/Cellar/maven/3.8.1/libexec/conf"/>
    <property name="jdk.debug" value="release"/>
    <property name="java.class.version" value="60.0"/>
    <property name="java.specification.name" value="Java Platform API Specification"/>
    <property name="sun.management.compiler" value="HotSpot 64-Bit Tiered Compilers"/>
    <property name="os.version" value="11.3.1"/>
    <property name="library.jansi.path" value="/usr/local/Cellar/maven/3.8.1/libexec/lib/jansi-native"/>
    <property name="http.nonProxyHosts" value="local|*.local|169.254/16|*.169.254/16"/>
    <property name="user.home" value="/Users/abdelrahmanmohammed"/>
    <property name="user.timezone" value="Africa/Cairo"/>
    <property name="file.encoding" value="UTF-8"/>
    <property name="java.specification.version" value="16"/>
    <property name="user.name" value="abdelrahmanmohammed"/>
    <property name="java.class.path" value="/usr/local/Cellar/maven/3.8.1/libexec/boot/plexus-classworlds-2.6.0.jar"/>
    <property name="java.vm.specification.version" value="16"/>
    <property name="sun.arch.data.model" value="64"/>
    <property name="sun.java.command" value="org.codehaus.plexus.classworlds.launcher.Launcher clean test"/>
    <property name="java.home" value="/usr/local/Cellar/openjdk/16.0.2/libexec/openjdk.jdk/Contents/Home"/>
    <property name="user.language" value="en"/>
    <property name="java.specification.vendor" value="Oracle Corporation"/>
    <property name="java.vm.info" value="mixed mode, sharing"/>
    <property name="java.version" value="16.0.2"/>
    <property name="java.vendor" value="Homebrew"/>
    <property name="maven.home" value="/usr/local/Cellar/maven/3.8.1/libexec"/>
    <property name="file.separator" value="/"/>
    <property name="java.version.date" value="2021-07-20"/>
    <property name="java.vendor.url.bug" value="https://github.com/Homebrew/homebrew-core/issues"/>
    <property name="sun.io.unicode.encoding" value="UnicodeBig"/>
    <property name="sun.cpu.endian" value="little"/>
    <property name="java.vendor.version" value="Homebrew"/>
    <property name="socksNonProxyHosts" value="local|*.local|169.254/16|*.169.254/16"/>
    <property name="ftp.nonProxyHosts" value="local|*.local|169.254/16|*.169.254/16"/>
  </properties>
  <testcase classname="tests.transactionsTests.TestUserTransactionsIntegration" name="testGetNftTransactions" time="2.144"/>
  <testcase classname="tests.transactionsTests.TestUserTransactionsIntegration" name="testGetUserTransactions" time="0.957"/>
  <testcase classname="tests.transactionsTests.TestUserTransactionsIntegration" name="testUpdateTransaction" time="1.66"/>
  <testcase classname="tests.loginTests.TestLogin" name="testCreateLoginOtp" time="1.207"/>
  <testcase classname="tests.loginTests.TestLogin" name="testVerifyLoginOtp" time="1.958"/>
  <testcase classname="tests.contactsTests.TestContacts" name="testGetContact" time="1.771"/>
  <testcase classname="tests.contactsTests.TestContacts" name="testGetContactsOfAnUser" time="0.816"/>
  <testcase classname="tests.contactsTests.TestContacts" name="testImportOneOrMoreContacts" time="0.856"/>
  <testcase classname="tests.contactsTests.TestContacts" name="testUpdateContact" time="1.783"/>
  <testcase classname="tests.usersTests.TestUserInvalidScenarios" name="testCreateUserWithoutEmailOrPhone" time="0.967"/>
  <testcase classname="tests.usersTests.TestUserInvalidScenarios" name="testCreateUserWithoutWalletName" time="0.808"/>
  <testcase classname="tests.usersTests.TestUserInvalidScenarios" name="testGetUnauthorizedUser" time="4.188"/>
  <testcase classname="tests.usersTests.TestUserInvalidScenarios" name="testGetUserWithProvidingEmptyUserId" time="4.385"/>
  <testcase classname="tests.usersTests.TestUserInvalidScenarios" name="testGetWrongUser" time="4.551"/>
  <testcase classname="tests.usersTests.TestUserIntegration" name="testGetUser" time="2.161"/>
  <testcase classname="tests.usersTests.TestUserIntegration" name="testUpdateUser" time="2.406"/>
  <testcase classname="tests.usersTests.TestUserIntegration" name="testUserAttributes" time="0.886">
    <failure message="The Full Name is empty expected [false] but found [true]" type="java.lang.AssertionError">java.lang.AssertionError: The Full Name is empty expected [false] but found [true]
	at org.testng.Assert.fail(Assert.java:99)
	at org.testng.Assert.failNotEquals(Assert.java:1037)
	at org.testng.Assert.assertFalse(Assert.java:67)
	at tests.usersTests.TestUserIntegration.testUserAttributes(TestUserIntegration.java:58)
</failure>
    <system-out>{
    &quot;message&quot;: &quot;User deleted successfully!&quot;,
    &quot;data&quot;: {
        
    }
}
Request method:	GET
Request URI:	https://api.nearlogin.io/users/68Fna_L7kZYll6MGXj3yQ
Proxy:			&lt;none&gt;
Request params:	&lt;none&gt;
Query params:	&lt;none&gt;
Form params:	&lt;none&gt;
Path params:	&lt;none&gt;
Headers:		Authorization=Bearer eyJraWQiOiJmdjZkSFwvQ05Bajk5bE10b2V2K2hrMFVBUWRZeGRyK2dlTGNJYWpqRTlCMD0iLCJhbGciOiJSUzI1NiJ9.eyJvcmlnaW5fanRpIjoiNjYyMjM5MDctNDY2OS00NWQzLThjMWUtMDU5NWNmZDJkYTEzIiwic3ViIjoiODI5YThiYzYtYjNiNS00YTA4LWJjZjAtZGQwMWZkNmYxODU2IiwiZXZlbnRfaWQiOiJlYmFmZTMxYi1hZGYyLTRiYjktOWE1Zi1iY2VhODhjNWQ3MmMiLCJ0b2tlbl91c2UiOiJhY2Nlc3MiLCJzY29wZSI6ImF3cy5jb2duaXRvLnNpZ25pbi51c2VyLmFkbWluIiwiYXV0aF90aW1lIjoxNjQyNTIyNjMxLCJpc3MiOiJodHRwczpcL1wvY29nbml0by1pZHAudXMtZWFzdC0xLmFtYXpvbmF3cy5jb21cL3VzLWVhc3QtMV9hSlUxRThUWVciLCJleHAiOjE2NDI2MDkwMzEsImlhdCI6MTY0MjUyMjYzMSwianRpIjoiZjRjNTE2MzYtZjBkMS00ZDM4LTllOTYtOWFlMDk5OGI5OTY0IiwiY2xpZW50X2lkIjoiMWg4ajM3ZW44ZXEwNGU0bnVsOGw3Z2U0YW4iLCJ1c2VybmFtZSI6Im5pZWlxczYxNy5uZWFyIn0.dGcUpAjNQVdjXaKZqmaFE5TbPTjYKxld90yx3yMbDr664JRnXQRcs6uT29aRHvUE_Vt6kV_Sg5gYBJ0nFLZe4SL8nTc5uGT7UsfbeNWA5OEhSRW8DbrmTkjyBigCDF2fpHN-QQIpBzSu4QouA5ioNLBQMEWWkBhds1m7PF7UPtv1Doqn7q9QACtT4JgEWZ2m999bXGoJwKaej2uylgaoPZad_xe4Cnrzusj-KldB7QeAmP_yk2vkNm2zJP4uQLdxM5dgOqjcLLDkkosJwiUs7u12EWsMppTFkFlsiCvTmRyf52ON28X-c0ttsDLvoS3P67aE5B8rKA8g8-VdAechgQ
				Accept=*/*
Cookies:		&lt;none&gt;
Multiparts:		&lt;none&gt;
Body:			&lt;none&gt;
{
    &quot;message&quot;: &quot;User retrieved successfully!&quot;,
    &quot;data&quot;: {
        &quot;updated&quot;: 1642522635153,
        &quot;user_id&quot;: &quot;68Fna_L7kZYll6MGXj3yQ&quot;,
        &quot;wallet_status&quot;: &quot;pending&quot;,
        &quot;status&quot;: &quot;deleted&quot;,
        &quot;created&quot;: 1642522631245,
        &quot;full_name&quot;: &quot;Lonny Paucek&quot;,
        &quot;email&quot;: &quot;igyvg60@test.com&quot;,
        &quot;wallet_id&quot;: &quot;nieiqs617.near&quot;,
        &quot;phone&quot;: &quot;(843) 958-7103&quot;,
        &quot;verified&quot;: false
    }
}
Request method:	POST
Request URI:	https://api.nearlogin.io/user/create
Proxy:			&lt;none&gt;
Request params:	&lt;none&gt;
Query params:	&lt;none&gt;
Form params:	&lt;none&gt;
Path params:	&lt;none&gt;
Headers:		Accept=*/*
				Content-Type=application/json
Cookies:		&lt;none&gt;
Multiparts:		&lt;none&gt;
Body:
{
    &quot;full_name&quot;: &quot;Stacee Little&quot;,
    &quot;wallet_id&quot;: &quot;ygyagt826.near&quot;,
    &quot;email&quot;: &quot;kjazj10@test.com&quot;,
    &quot;phone&quot;: &quot;466-958-9924&quot;,
    &quot;walletName&quot;: &quot;ygyagt826.near&quot;
}
{
    &quot;jwt_access_token&quot;: &quot;eyJraWQiOiJmdjZkSFwvQ05Bajk5bE10b2V2K2hrMFVBUWRZeGRyK2dlTGNJYWpqRTlCMD0iLCJhbGciOiJSUzI1NiJ9.eyJvcmlnaW5fanRpIjoiODU2N2NkOTQtOTFkNC00ODc0LWI1MjQtMThiZjdiZjBlMzYyIiwic3ViIjoiNzkzZDkzZTQtNjEwMS00ZWMxLWIyZWItNjQ2ZTAwMDZiMzZkIiwiZXZlbnRfaWQiOiJhNDEwZGRlYS0zNjIzLTRiYjUtYjNmNy1hYzczNzQ2MDU3MTUiLCJ0b2tlbl91c2UiOiJhY2Nlc3MiLCJzY29wZSI6ImF3cy5jb2duaXRvLnNpZ25pbi51c2VyLmFkbWluIiwiYXV0aF90aW1lIjoxNjQyNTIyNjM3LCJpc3MiOiJodHRwczpcL1wvY29nbml0by1pZHAudXMtZWFzdC0xLmFtYXpvbmF3cy5jb21cL3VzLWVhc3QtMV9hSlUxRThUWVciLCJleHAiOjE2NDI2MDkwMzcsImlhdCI6MTY0MjUyMjYzNywianRpIjoiY2I2ZWE0MGItMWU4ZS00NTc2LTk2NGQtYTI2ODIyNDIzNGFhIiwiY2xpZW50X2lkIjoiMWg4ajM3ZW44ZXEwNGU0bnVsOGw3Z2U0YW4iLCJ1c2VybmFtZSI6InlneWFndDgyNi5uZWFyIn0.d8lEfjeCZXnJB0TxaMiu8z76TK0rupejn-Krj7BBX94ZR3SE_gUsqDfyZj3SgM9haXvSiTkfempCi--RbnpFikqZM1EWUKEtRLu2k5e-nID6HXI_cJUZf2fdibRcYsMJ6NnVSFd6frgRDI_xe6OtoYBSBQcn2PkvxmGnlrSW-yqkaXv38DV7p0O9IFYlYue5kgVbHTu5OL4h4Xr2OoXoRRAsZwK68-Xs8IEbIzObNcGASd34itArGeTsTNl1RRc2_d-4xAz1MPKCY8TdOArardO-n5inyiEHyIYhK9l9FwYj6J5-qzcb5QRSNTRxaaqHv5FQUCDbkTBkLOZWQrOSWQ&quot;,
    &quot;jwt_id_token&quot;: &quot;eyJraWQiOiJScTVVUXU5UUZoRnlzVGQyZTBXb3BnYlBrcWRcL0pzMWprV1Y2RGtRNGdjND0iLCJhbGciOiJSUzI1NiJ9.eyJvcmlnaW5fanRpIjoiODU2N2NkOTQtOTFkNC00ODc0LWI1MjQtMThiZjdiZjBlMzYyIiwic3ViIjoiNzkzZDkzZTQtNjEwMS00ZWMxLWIyZWItNjQ2ZTAwMDZiMzZkIiwiYXVkIjoiMWg4ajM3ZW44ZXEwNGU0bnVsOGw3Z2U0YW4iLCJldmVudF9pZCI6ImE0MTBkZGVhLTM2MjMtNGJiNS1iM2Y3LWFjNzM3NDYwNTcxNSIsInRva2VuX3VzZSI6ImlkIiwiYXV0aF90aW1lIjoxNjQyNTIyNjM3LCJpc3MiOiJodHRwczpcL1wvY29nbml0by1pZHAudXMtZWFzdC0xLmFtYXpvbmF3cy5jb21cL3VzLWVhc3QtMV9hSlUxRThUWVciLCJjb2duaXRvOnVzZXJuYW1lIjoieWd5YWd0ODI2Lm5lYXIiLCJleHAiOjE2NDI2MDkwMzcsImlhdCI6MTY0MjUyMjYzNywianRpIjoiYzlkMDJlNWQtMzVhMS00MWViLWJlOTctMzMwZGQ2NjE0ZDlmIn0.tRQpGIqxuu9Vdy48rdOSQgsOi2Lb8ULJXMhncKtvrtG6AvNO16BH2Gazpi6wE4b5FYWTDMtSTD3hPbVL3sy7cD-OrJOsE-9ccE96BcR49W4JACmH4tnF6MTq2s6GUafDlqoErcooSregJAyBDVV-QcT64EiLue2gx4viJL8HHMLljEycesFqne4npVjIPyZswGEuBewJ3L1Nb-k7eFywtKNQLJzSQd1ylbhkrA3J4G-7ca_8nhlkmgCqvgxahnx6XM3YjOPIsboeJaAIa0ExQdOA4QFhNpQ5vTLLLobPLtXBcqzpPIf47CRlEzTvyxVFANEU0BDp9iBz2iOno0imPw&quot;,
    &quot;jwt_refresh_token&quot;: &quot;eyJjdHkiOiJKV1QiLCJlbmMiOiJBMjU2R0NNIiwiYWxnIjoiUlNBLU9BRVAifQ.bbezgsgloTByuM9wvwM1Gi4pCyh53Kc3tkdvCFo9asln4Sok3iOIlC2DQ2MftFYeBuh9m8hrsesMChAvO_JFkWWqFGwMaN9siBpu-dwncDpZP8E-VTRH13lP3pcF7toV30m_eSA6ISPf5END1TQfzWthgJ1KkS0OO7lf8fjl5Xsi0b15CKBaxxAv9xdWl_GduwroYn4TRmyo88yzS7BefVHuB1ignxDWUnHwJGy9dnoVPMshTwbPAtqWiDm5f9dIy7LGIRhKRvxKONiLBR_uxEnynkp0kG3-thO1OmvdodsuvhzamVJ6DnESrTEIMlYiebApVePxEVtm-eVLaZf_6w.M_STnZAtX7CmPd87.Bjq2WCqeWB4YRe0yvevvCrGQ56MPZIgpxXXaHRoITfz5zlviBFkDipo_TLxghpYqa4ImZZlXjfhWkaw_G_A6y5Nl8jaqzBaTkIJb-gxWhi9jzA-iNB3kgPUH61tNFJ7VWbHiB7cd4JmqpMPCpKz2b_hO8BUOWTA6jlLIqqFJjzu5RB1TZlZVK66N9wPQyVXLxyz-X7YQsnTVDVic9E5RsAGBWZ7wRh7mNpsOi9vUfG3mqZn3pyL5BiuQefiq-S-xBzJP7gg-gSKwrq7AKpLAlmPp2LgEHThzQuUYKzh8yZmb6odraIlCNYFq6ovrRIvLeVn9eZvLOjwrNKH27mTtNC7dSvnTc80HF6wYPKJaSWjE7___hl4R1VLz-tX778CVKlXwDw5wsDPX18nXFnZg-gW6Q_gTso4Kjl1ccJWTZI7LL4O2byLQINWiWCv9cple6MJtbca3zYq3DB9cGCFEPkfaOxmzMV7NRLmefLyhWjd1Aly8jHXc52aBbF1PTpYKRfhjPHMPvtOZzbVgq2SJ5M1fKrv1yKUGjXV217L7AoUunRn_ylhnNN5f-7clRaSbZGXNsma-O-jBu4H6LlmdU1D2NOUm_YYCSYDUPMNuXk5p2IivEQznv3oYlD_JC6HCrCFYhwuSyoJ2cM-NaCHsOSMkoA2O_zWImCvST24Sc4CR-3aS7VmH4yHWT9GqhwfdatiF-qAqI5TExdmNKUXP9I_zar-GQeNqxwrunDCXs-m3SNaaU0cLFwBf4KAC5wH99H2gGUd7cWxkAjCnGbsXrsWyN-asJA25KJhBcsDPot9OGB-qOubvPJJeStrGp-N73WSnS7OlWCdVRl0N9fn34ldjPP8FpC0ucgAKAb8w2lXthFn6oq3l5RI75PatgwOqT0fM325G1VIdmpWxxf02g1N5zgXcjGA95c8n-toglflL3fpK6VXG7yGFt8guNLP8TIboGaBjZ1h447bTqKYvFJBuBngZqKPCSRR6AcTidB_26Cx7HLDEFEGABADEzlI22tBd4igVL2x2RY9spabxt6nl-k7sLIGOImNGb5ilfH0dk--RqjglVea4_pahJOWNBK_vrKy2Haz7WruoKOpsuPdz2SsdZP2OuRUKnP3FBTJ_Ko9VNyZC6tW-0FGVYzadc02PmGx6TDPl4QylUSGnEpKscnNJMHVdg16Qo15APAYasInkIhh77ke6EoJYhgl2awY19WeB18hj7u2GuCFrJ0EDAbmWwjGhEPcKy4DCJ7QFnCvByilYNPR85OeqHRYr79W6rHErPOy1ca4mQQY.9F_Hb7vCqKTjl1UYNmixKw&quot;,
    &quot;user_info&quot;: {
        &quot;user_id&quot;: &quot;h4jOnoELzdWTwOE7BZMnq&quot;,
        &quot;wallet_status&quot;: &quot;pending&quot;,
        &quot;status&quot;: &quot;active&quot;,
        &quot;created&quot;: 1642522637074,
        &quot;full_name&quot;: &quot;&quot;,
        &quot;email&quot;: &quot;kjazj10@test.com&quot;,
        &quot;wallet_id&quot;: &quot;ygyagt826.near&quot;,
        &quot;phone&quot;: &quot;466-958-9924&quot;,
        &quot;verified&quot;: false
    }
}
Request method:	GET
Request URI:	https://api.nearlogin.io/users/h4jOnoELzdWTwOE7BZMnq
Proxy:			&lt;none&gt;
Request params:	&lt;none&gt;
Query params:	&lt;none&gt;
Form params:	&lt;none&gt;
Path params:	&lt;none&gt;
Headers:		Authorization=Bearer eyJraWQiOiJmdjZkSFwvQ05Bajk5bE10b2V2K2hrMFVBUWRZeGRyK2dlTGNJYWpqRTlCMD0iLCJhbGciOiJSUzI1NiJ9.eyJvcmlnaW5fanRpIjoiODU2N2NkOTQtOTFkNC00ODc0LWI1MjQtMThiZjdiZjBlMzYyIiwic3ViIjoiNzkzZDkzZTQtNjEwMS00ZWMxLWIyZWItNjQ2ZTAwMDZiMzZkIiwiZXZlbnRfaWQiOiJhNDEwZGRlYS0zNjIzLTRiYjUtYjNmNy1hYzczNzQ2MDU3MTUiLCJ0b2tlbl91c2UiOiJhY2Nlc3MiLCJzY29wZSI6ImF3cy5jb2duaXRvLnNpZ25pbi51c2VyLmFkbWluIiwiYXV0aF90aW1lIjoxNjQyNTIyNjM3LCJpc3MiOiJodHRwczpcL1wvY29nbml0by1pZHAudXMtZWFzdC0xLmFtYXpvbmF3cy5jb21cL3VzLWVhc3QtMV9hSlUxRThUWVciLCJleHAiOjE2NDI2MDkwMzcsImlhdCI6MTY0MjUyMjYzNywianRpIjoiY2I2ZWE0MGItMWU4ZS00NTc2LTk2NGQtYTI2ODIyNDIzNGFhIiwiY2xpZW50X2lkIjoiMWg4ajM3ZW44ZXEwNGU0bnVsOGw3Z2U0YW4iLCJ1c2VybmFtZSI6InlneWFndDgyNi5uZWFyIn0.d8lEfjeCZXnJB0TxaMiu8z76TK0rupejn-Krj7BBX94ZR3SE_gUsqDfyZj3SgM9haXvSiTkfempCi--RbnpFikqZM1EWUKEtRLu2k5e-nID6HXI_cJUZf2fdibRcYsMJ6NnVSFd6frgRDI_xe6OtoYBSBQcn2PkvxmGnlrSW-yqkaXv38DV7p0O9IFYlYue5kgVbHTu5OL4h4Xr2OoXoRRAsZwK68-Xs8IEbIzObNcGASd34itArGeTsTNl1RRc2_d-4xAz1MPKCY8TdOArardO-n5inyiEHyIYhK9l9FwYj6J5-qzcb5QRSNTRxaaqHv5FQUCDbkTBkLOZWQrOSWQ
				Accept=*/*
Cookies:		&lt;none&gt;
Multiparts:		&lt;none&gt;
Body:			&lt;none&gt;
{
    &quot;message&quot;: &quot;User retrieved successfully!&quot;,
    &quot;data&quot;: {
        &quot;user_id&quot;: &quot;h4jOnoELzdWTwOE7BZMnq&quot;,
        &quot;wallet_status&quot;: &quot;pending&quot;,
        &quot;status&quot;: &quot;active&quot;,
        &quot;created&quot;: 1642522637074,
        &quot;full_name&quot;: &quot;&quot;,
        &quot;wallet_id&quot;: &quot;ygyagt826.near&quot;,
        &quot;email&quot;: &quot;kjazj10@test.com&quot;,
        &quot;phone&quot;: &quot;466-958-9924&quot;,
        &quot;verified&quot;: false
    }
}
</system-out>
  </testcase>
  <testcase classname="tests.nftsTests.TestNfts" name="testGetSingleNft" time="0.812"/>
  <testcase classname="tests.nftsTests.TestNfts" name="testUpdateNft" time="2.552"/>
</testsuite>