<?xml version="1.0" encoding="UTF-8" ?>
<testsuite tests="18" failures="2" name="TestSuite" time="35.436" errors="0" skipped="0">
  <properties>
    <property name="java.runtime.name" value="OpenJDK Runtime Environment"/>
    <property name="java.vm.version" value="16.0.2+0"/>
    <property name="sun.boot.library.path" value="/usr/local/Cellar/openjdk/16.0.2/libexec/openjdk.jdk/Contents/Home/lib"/>
    <property name="maven.multiModuleProjectDirectory" value="/Users/abdelrahmanmohammed/Desktop/up/near-apis"/>
    <property name="java.vm.vendor" value="Homebrew"/>
    <property name="java.vendor.url" value="https://github.com/Homebrew/homebrew-core/issues"/>
    <property name="guice.disable.misplaced.annotation.check" value="true"/>
    <property name="path.separator" value=":"/>
    <property name="java.vm.name" value="OpenJDK 64-Bit Server VM"/>
    <property name="user.country" value="EG"/>
    <property name="sun.java.launcher" value="SUN_STANDARD"/>
    <property name="java.vm.specification.name" value="Java Virtual Machine Specification"/>
    <property name="user.dir" value="/Users/abdelrahmanmohammed/Desktop/up/near-apis"/>
    <property name="java.vm.compressedOopsMode" value="Zero based"/>
    <property name="java.runtime.version" value="16.0.2+0"/>
    <property name="os.arch" value="x86_64"/>
    <property name="java.io.tmpdir" value="/var/folders/9s/46ty9gjj345csf88dfp68m3m0000gn/T/"/>
    <property name="line.separator" value="
"/>
    <property name="java.vm.specification.vendor" value="Oracle Corporation"/>
    <property name="os.name" value="Mac OS X"/>
    <property name="classworlds.conf" value="/usr/local/Cellar/maven/3.8.1/libexec/bin/m2.conf"/>
    <property name="sun.jnu.encoding" value="UTF-8"/>
    <property name="java.library.path" value="/Users/abdelrahmanmohammed/Library/Java/Extensions:/Library/Java/Extensions:/Network/Library/Java/Extensions:/System/Library/Java/Extensions:/usr/lib/java:."/>
    <property name="maven.conf" value="/usr/local/Cellar/maven/3.8.1/libexec/conf"/>
    <property name="jdk.debug" value="release"/>
    <property name="java.class.version" value="60.0"/>
    <property name="java.specification.name" value="Java Platform API Specification"/>
    <property name="sun.management.compiler" value="HotSpot 64-Bit Tiered Compilers"/>
    <property name="os.version" value="11.3.1"/>
    <property name="library.jansi.path" value="/usr/local/Cellar/maven/3.8.1/libexec/lib/jansi-native"/>
    <property name="http.nonProxyHosts" value="local|*.local|169.254/16|*.169.254/16"/>
    <property name="user.home" value="/Users/abdelrahmanmohammed"/>
    <property name="user.timezone" value="Africa/Cairo"/>
    <property name="file.encoding" value="UTF-8"/>
    <property name="java.specification.version" value="16"/>
    <property name="user.name" value="abdelrahmanmohammed"/>
    <property name="java.class.path" value="/usr/local/Cellar/maven/3.8.1/libexec/boot/plexus-classworlds-2.6.0.jar"/>
    <property name="java.vm.specification.version" value="16"/>
    <property name="sun.arch.data.model" value="64"/>
    <property name="sun.java.command" value="org.codehaus.plexus.classworlds.launcher.Launcher clean install"/>
    <property name="java.home" value="/usr/local/Cellar/openjdk/16.0.2/libexec/openjdk.jdk/Contents/Home"/>
    <property name="user.language" value="en"/>
    <property name="java.specification.vendor" value="Oracle Corporation"/>
    <property name="java.vm.info" value="mixed mode, sharing"/>
    <property name="java.version" value="16.0.2"/>
    <property name="java.vendor" value="Homebrew"/>
    <property name="maven.home" value="/usr/local/Cellar/maven/3.8.1/libexec"/>
    <property name="file.separator" value="/"/>
    <property name="java.version.date" value="2021-07-20"/>
    <property name="java.vendor.url.bug" value="https://github.com/Homebrew/homebrew-core/issues"/>
    <property name="sun.io.unicode.encoding" value="UnicodeBig"/>
    <property name="sun.cpu.endian" value="little"/>
    <property name="java.vendor.version" value="Homebrew"/>
    <property name="socksNonProxyHosts" value="local|*.local|169.254/16|*.169.254/16"/>
    <property name="ftp.nonProxyHosts" value="local|*.local|169.254/16|*.169.254/16"/>
  </properties>
  <testcase classname="tests.TestLogin" name="testCreateLoginOtp" time="10.661"/>
  <testcase classname="tests.TestLogin" name="testVerifyLoginOtp" time="3.171"/>
  <testcase classname="tests.transactionsTests.TestUserTransactionsIntegration" name="testGetNftTransactions" time="1.832"/>
  <testcase classname="tests.transactionsTests.TestUserTransactionsIntegration" name="testGetUserTransactions" time="0.902"/>
  <testcase classname="tests.transactionsTests.TestUserTransactionsIntegration" name="testUpdateTransaction" time="1.513"/>
  <testcase classname="tests.contactsTests.TestContacts" name="testGetContact" time="1.62"/>
  <testcase classname="tests.contactsTests.TestContacts" name="testGetContactsOfAnUser" time="0.813"/>
  <testcase classname="tests.contactsTests.TestContacts" name="testImportOneOrMoreContacts" time="0.93"/>
  <testcase classname="tests.contactsTests.TestContacts" name="testUpdateContact" time="1.507"/>
  <testcase classname="tests.usersTests.TestUserIntegration" name="testGetUnauthorizedUser" time="0.805"/>
  <testcase classname="tests.usersTests.TestUserIntegration" name="testGetUser" time="0.862"/>
  <testcase classname="tests.usersTests.TestUserIntegration" name="testGetUserWithProvidingEmptyUserId" time="0.825"/>
  <testcase classname="tests.usersTests.TestUserIntegration" name="testGetWrongUser" time="0.938"/>
  <testcase classname="tests.usersTests.TestUserIntegration" name="testUpdateUser" time="2.305"/>
  <testcase classname="tests.usersTests.TestUserIntegration" name="testUserAttributes" time="0.803">
    <failure message="The Full Name is empty expected [false] but found [true]" type="java.lang.AssertionError">java.lang.AssertionError: The Full Name is empty expected [false] but found [true]
	at org.testng.Assert.fail(Assert.java:99)
	at org.testng.Assert.failNotEquals(Assert.java:1037)
	at org.testng.Assert.assertFalse(Assert.java:67)
	at tests.usersTests.TestUserIntegration.testUserAttributes(TestUserIntegration.java:45)
</failure>
    <system-out>{
    &quot;message&quot;: &quot;User deleted successfully!&quot;,
    &quot;data&quot;: {
        
    }
}
Request method:	GET
Request URI:	https://api.nearlogin.io/users/XOAliLfBzQD9SwdaB-6qG
Proxy:			&lt;none&gt;
Request params:	&lt;none&gt;
Query params:	&lt;none&gt;
Form params:	&lt;none&gt;
Path params:	&lt;none&gt;
Headers:		Authorization=Bearer eyJraWQiOiJmdjZkSFwvQ05Bajk5bE10b2V2K2hrMFVBUWRZeGRyK2dlTGNJYWpqRTlCMD0iLCJhbGciOiJSUzI1NiJ9.eyJvcmlnaW5fanRpIjoiZjM0ZTI0MzctNzhlMC00NmY3LThkYWMtYWQ0ZWU0MzhmNzJiIiwic3ViIjoiNzI5MDk4NWQtNzRhYy00ZGU1LTk1ZWUtZDE2NTQ1NTJkZTNiIiwiZXZlbnRfaWQiOiJiYmMzNTQ5MC0yYjVkLTQxZWQtYTRiNC00NWVkMDVlMDRmZTUiLCJ0b2tlbl91c2UiOiJhY2Nlc3MiLCJzY29wZSI6ImF3cy5jb2duaXRvLnNpZ25pbi51c2VyLmFkbWluIiwiYXV0aF90aW1lIjoxNjQyMzU4MDcyLCJpc3MiOiJodHRwczpcL1wvY29nbml0by1pZHAudXMtZWFzdC0xLmFtYXpvbmF3cy5jb21cL3VzLWVhc3QtMV9hSlUxRThUWVciLCJleHAiOjE2NDI0NDQ0NzIsImlhdCI6MTY0MjM1ODA3MiwianRpIjoiMGM0ODk2NTAtZTU3Zi00Mzk5LTk0NDYtNmUwOWI0ZTdlNTA1IiwiY2xpZW50X2lkIjoiMWg4ajM3ZW44ZXEwNGU0bnVsOGw3Z2U0YW4iLCJ1c2VybmFtZSI6InhlcWpieWxlY20ubmVhciJ9.ROwSQMH40TEAuSnS1Xt5P9PFR5nCbjkOQ4msTAFDZSRcl-URxDDERHZV6RyBfuWHp-A3p9xnyaQ8TOWjdpsSo3QMfCSJ82RyEaJMN1qkJKQZGcXaEJo-iMjuOEETYn_2wD9201akJswNiSMxip3UNbZSUgEYJf6-I8LzbUEQrbr08DBPMTAzq92G6dOcBLZ0dj-HTD0l4QYweucKCE4UA32h26FLaXcF0mxbZ9Gkoja9ZtD93g6ecw6i8vl6_kF8yNBcangZbyLyEX28yxTv2aIsGSqWlVhJwEHL9cX4KW_Zy4-f48q7Ciw19O6bvnlLNSTXEHWZoH7tFLRdHQE4HQ
				Accept=*/*
Cookies:		&lt;none&gt;
Multiparts:		&lt;none&gt;
Body:			&lt;none&gt;
{
    &quot;message&quot;: &quot;User retrieved successfully!&quot;,
    &quot;data&quot;: {
        &quot;updated&quot;: 1642358075629,
        &quot;user_id&quot;: &quot;XOAliLfBzQD9SwdaB-6qG&quot;,
        &quot;wallet_status&quot;: &quot;pending&quot;,
        &quot;status&quot;: &quot;deleted&quot;,
        &quot;created&quot;: 1642358071872,
        &quot;full_name&quot;: &quot;wbqtirmhly&quot;,
        &quot;email&quot;: &quot;mqqdekppss@test.com&quot;,
        &quot;wallet_id&quot;: &quot;xeqjbylecm.near&quot;,
        &quot;phone&quot;: &quot;0011062641&quot;,
        &quot;verified&quot;: false
    }
}
Request method:	POST
Request URI:	https://api.nearlogin.io/user/create
Proxy:			&lt;none&gt;
Request params:	&lt;none&gt;
Query params:	&lt;none&gt;
Form params:	&lt;none&gt;
Path params:	&lt;none&gt;
Headers:		Accept=*/*
				Content-Type=application/json
Cookies:		&lt;none&gt;
Multiparts:		&lt;none&gt;
Body:
{
    &quot;full_name&quot;: &quot;Abdo sagpaubyue&quot;,
    &quot;wallet_id&quot;: &quot;uqipcxtghj.near&quot;,
    &quot;email&quot;: &quot;qqpolpiwyc@test.com&quot;,
    &quot;phone&quot;: &quot;0015911758&quot;,
    &quot;walletName&quot;: &quot;uqipcxtghj.near&quot;
}
{
    &quot;jwt_access_token&quot;: &quot;eyJraWQiOiJmdjZkSFwvQ05Bajk5bE10b2V2K2hrMFVBUWRZeGRyK2dlTGNJYWpqRTlCMD0iLCJhbGciOiJSUzI1NiJ9.eyJvcmlnaW5fanRpIjoiNjZkODEwOWYtNWE0Mi00MTMzLTkwNzYtOGEwOWM5NzcyNTVkIiwic3ViIjoiODIzMGU2NjgtZmVhZC00NDQ0LTk4ZjItZjhlNmYzNzZlNTllIiwiZXZlbnRfaWQiOiIyYjFmMmY4Mi00ZWI4LTRkY2MtYmU5OC0wMWVkMGVjMTNlMmMiLCJ0b2tlbl91c2UiOiJhY2Nlc3MiLCJzY29wZSI6ImF3cy5jb2duaXRvLnNpZ25pbi51c2VyLmFkbWluIiwiYXV0aF90aW1lIjoxNjQyMzU4MDc4LCJpc3MiOiJodHRwczpcL1wvY29nbml0by1pZHAudXMtZWFzdC0xLmFtYXpvbmF3cy5jb21cL3VzLWVhc3QtMV9hSlUxRThUWVciLCJleHAiOjE2NDI0NDQ0NzcsImlhdCI6MTY0MjM1ODA3OCwianRpIjoiNDdkNzZiNzctZjc2MC00ZmJmLWEyZjAtYjc4NzM1OGY1OGEyIiwiY2xpZW50X2lkIjoiMWg4ajM3ZW44ZXEwNGU0bnVsOGw3Z2U0YW4iLCJ1c2VybmFtZSI6InVxaXBjeHRnaGoubmVhciJ9.Kk5L651TIM7OjTn70Nc82pMsIzlWuOPCdnbbErmPts5bE0rhtJRdLPuJkipkQsIUim0Pq_ESWz7kOb7jAOws7e1ai1USL6CGFI4DdAWKPrmjcPy99fsxMw068ex2pCamlbt1b1gwGq2yJH4oO-cIA9jXjXKdU6a2_opxW_OyK3cGuIOPgtFjw8HJb-RV7TdYdx4Vv7KqowSdpq5Y3DRwaEbUZ2h_2nEmERpHilGnfpsoyKI9R80ORR1siV86jKx7e1vE2wW4DmKtcQ3XURWKxNBzRHs4PSEZ2GLukMUQYOVEAEO5zQ5l9cMHhav6SSbLjziiDoPT_6H7VQ1o2ycqsQ&quot;,
    &quot;jwt_id_token&quot;: &quot;eyJraWQiOiJScTVVUXU5UUZoRnlzVGQyZTBXb3BnYlBrcWRcL0pzMWprV1Y2RGtRNGdjND0iLCJhbGciOiJSUzI1NiJ9.eyJvcmlnaW5fanRpIjoiNjZkODEwOWYtNWE0Mi00MTMzLTkwNzYtOGEwOWM5NzcyNTVkIiwic3ViIjoiODIzMGU2NjgtZmVhZC00NDQ0LTk4ZjItZjhlNmYzNzZlNTllIiwiYXVkIjoiMWg4ajM3ZW44ZXEwNGU0bnVsOGw3Z2U0YW4iLCJldmVudF9pZCI6IjJiMWYyZjgyLTRlYjgtNGRjYy1iZTk4LTAxZWQwZWMxM2UyYyIsInRva2VuX3VzZSI6ImlkIiwiYXV0aF90aW1lIjoxNjQyMzU4MDc4LCJpc3MiOiJodHRwczpcL1wvY29nbml0by1pZHAudXMtZWFzdC0xLmFtYXpvbmF3cy5jb21cL3VzLWVhc3QtMV9hSlUxRThUWVciLCJjb2duaXRvOnVzZXJuYW1lIjoidXFpcGN4dGdoai5uZWFyIiwiZXhwIjoxNjQyNDQ0NDc3LCJpYXQiOjE2NDIzNTgwNzgsImp0aSI6Ijc0Yzk5MjM2LTcxOTctNDdmOC05OWI3LTE2OTEwOTg3NDMzMCJ9.bZHprOsqS7VnDOgCIhe6wkFaMLRL4v11Envgg5fJErZl0PxaTlfeg25eBlndgoATsxH1k7KA4MONM72fi5Tlgz8yVW15YOW_91OWWfLJPQWOudw93P2JAbSXvuYiQ59-MI0XzzdXPM_5tgk-2cQsgbYgkmKi0dZrVtGJMuqbP8whX3_DJHlGAqmAUQXQUOk0x47C5gIqMpf3zJsWI_0rsw8OUz6oLijSwzCTo4G0C7h5IwY6ssxB8sY9u2_Xx2SeRYX-Ej6K1a7otje4LYduebJzTnaPgrhg-VjDWrJL_UqoGBSsOJXXXQDuUDiwjrEUIx-vu-lGewOqUlHqT2EqCg&quot;,
    &quot;jwt_refresh_token&quot;: &quot;eyJjdHkiOiJKV1QiLCJlbmMiOiJBMjU2R0NNIiwiYWxnIjoiUlNBLU9BRVAifQ.YmbO_xCJWx-v11uEA9MU6IAZWWPa-rULuuL0JPr-EjE-qI2mphA1jb3t6u-p2Oybni9BpoTSn8gW8xPAm1LC3D2qauxCBzKAtGddjKyUd55GiN4k--yRjoQyi2rPAe6H_WxscHtNn72cC5OPc9MskkqHWibpHYP4URlM7msp8YMJGcFWmld89vZMvPAkucQNyXCZSO2zcx9vlztNSp_ntPWVh1ykoik1-bRiJrhTBB6M_wgFmLPTWAwebxDw7DtBsTGuhiJjN1xqwzyEJLqbJxHxYFgSmiLwPKDDPcWLVPx91W7MIafpBx82gRtG80DtUB6sdhhl84BIli85BHyA8w.VY2CM6W4u_HZXHt2.JYVhLWtucsf4XDvglUuVIHb7GGnFNHEtU6FCUAbDP2eOvbyHOIjzrMrvEeeZRuZE3E0x3_1vHYwlNPjYTGiFxA5Slibufmj-cBY4LVhQ0q6lJ5rJKOr5maNUp1YcnVzAXOReH1R_gLmfun76KyUr_NG0mYzTggCQjMUGWUzSjMQw1rFgfWge_QDhhg4kfih3zuw24sbj7fg77BfCU-iU6FYLrPk06zaxQQuj1uByLZYQfOMtAySh3XdRQntBKAgzQdxs8uAT5WUOAZ5q4EZK0IkYSOiS5lsU6V8dhU8mlFcVpsr12y0MS8kD5m8xhxr6DUR4eisRKW1WeK4fx1AlUMLvVHWe2tbGDKJoLDTdT9bsmdBqF9OA6ah2iWBVLy0IzK8MfaYvYfTU-7eguuunXcUgwpc5SR6z_pIWZYZFBOGIeQqYMqGNBx8XuAMTd30sFcACxI2qjLaHF23x1kQ_rlq3FyV1uaeK7DdAjiaHc2tgvur6YYPEvL7wb8klsNfg0Ag3tB5lQblEqzdu4EhpzSfvYtBA2Rm01MGwsNjMY3uB6CTm0iwDkuV4pV99wDYln2yWyMl67opgSetQIUw7FgirAee8E9lw46_x50dzwdGjLSLgXpEpQU5MpYRzmusmQ5hrcP1chsLU4_ndlF8TSgadnd6QqPyK_2vjUgbrVHRd4ILJ3IIRzZ1ulhQc95_2-PAENwTfzr62pSiHg9W83QU_WA3qG3KMUUd24RVz_sk7CnyuiiNMAUIoOjMg63XSxlRJRSWDGmw4UaCTqc0a6LAqJK_qZ-KxUgAdOnpXL6p_WBi5PXw4OzTR9oRAobWr3_6xIehuqy89SgfspkMYQ8GpYIClpbuSJCwyzha2JOP_aflZO4WR04QCpzqWm1-NwIWNNjqyhkgOdvxcPAMFSIi3-MgGWAHyltEDrxlvNafuhPB9vImVXhMKJuQO7_FB3gFHEJP6rOEXu5nVlrBK6LY4x5PJAXSdwwpvKEUnJC9yqmznYOc5Z3BQixBm9v1ZqpJFkNubIkPVR-RdMj9NayE4kTn3NhnwMC0aXci8QwhXXfxb_npjS4rhP0xXVg63Yb6xdfjSZXpe_Fkp2kWjVHsFN66cdk3e8q3zAkksOqigwc4mvo4jCKQxi2h1Fzp7LPmPpsvdF9SHOet2AbXdryC2UX2e899nI04p5Kqs2BkijUZ92OO1mDunDJXJlAJe7cwvtRzaxJq0sqSWa9SnKT-myHdbweDk9iKZiwarXcC89AR1t6GzHOVMoBn0pAUxs2ybNSLL_Di-7EAXutDp.1HY4AFGx54CHlpv6zPZLwQ&quot;,
    &quot;user_info&quot;: {
        &quot;user_id&quot;: &quot;e6zBv-0pk0yyIP_ZG9HNQ&quot;,
        &quot;wallet_status&quot;: &quot;pending&quot;,
        &quot;status&quot;: &quot;active&quot;,
        &quot;created&quot;: 1642358077426,
        &quot;full_name&quot;: &quot;&quot;,
        &quot;email&quot;: &quot;qqpolpiwyc@test.com&quot;,
        &quot;wallet_id&quot;: &quot;uqipcxtghj.near&quot;,
        &quot;phone&quot;: &quot;0015911758&quot;,
        &quot;verified&quot;: false
    }
}
Request method:	GET
Request URI:	https://api.nearlogin.io/users/e6zBv-0pk0yyIP_ZG9HNQ
Proxy:			&lt;none&gt;
Request params:	&lt;none&gt;
Query params:	&lt;none&gt;
Form params:	&lt;none&gt;
Path params:	&lt;none&gt;
Headers:		Authorization=Bearer eyJraWQiOiJmdjZkSFwvQ05Bajk5bE10b2V2K2hrMFVBUWRZeGRyK2dlTGNJYWpqRTlCMD0iLCJhbGciOiJSUzI1NiJ9.eyJvcmlnaW5fanRpIjoiNjZkODEwOWYtNWE0Mi00MTMzLTkwNzYtOGEwOWM5NzcyNTVkIiwic3ViIjoiODIzMGU2NjgtZmVhZC00NDQ0LTk4ZjItZjhlNmYzNzZlNTllIiwiZXZlbnRfaWQiOiIyYjFmMmY4Mi00ZWI4LTRkY2MtYmU5OC0wMWVkMGVjMTNlMmMiLCJ0b2tlbl91c2UiOiJhY2Nlc3MiLCJzY29wZSI6ImF3cy5jb2duaXRvLnNpZ25pbi51c2VyLmFkbWluIiwiYXV0aF90aW1lIjoxNjQyMzU4MDc4LCJpc3MiOiJodHRwczpcL1wvY29nbml0by1pZHAudXMtZWFzdC0xLmFtYXpvbmF3cy5jb21cL3VzLWVhc3QtMV9hSlUxRThUWVciLCJleHAiOjE2NDI0NDQ0NzcsImlhdCI6MTY0MjM1ODA3OCwianRpIjoiNDdkNzZiNzctZjc2MC00ZmJmLWEyZjAtYjc4NzM1OGY1OGEyIiwiY2xpZW50X2lkIjoiMWg4ajM3ZW44ZXEwNGU0bnVsOGw3Z2U0YW4iLCJ1c2VybmFtZSI6InVxaXBjeHRnaGoubmVhciJ9.Kk5L651TIM7OjTn70Nc82pMsIzlWuOPCdnbbErmPts5bE0rhtJRdLPuJkipkQsIUim0Pq_ESWz7kOb7jAOws7e1ai1USL6CGFI4DdAWKPrmjcPy99fsxMw068ex2pCamlbt1b1gwGq2yJH4oO-cIA9jXjXKdU6a2_opxW_OyK3cGuIOPgtFjw8HJb-RV7TdYdx4Vv7KqowSdpq5Y3DRwaEbUZ2h_2nEmERpHilGnfpsoyKI9R80ORR1siV86jKx7e1vE2wW4DmKtcQ3XURWKxNBzRHs4PSEZ2GLukMUQYOVEAEO5zQ5l9cMHhav6SSbLjziiDoPT_6H7VQ1o2ycqsQ
				Accept=*/*
Cookies:		&lt;none&gt;
Multiparts:		&lt;none&gt;
Body:			&lt;none&gt;
{
    &quot;message&quot;: &quot;User retrieved successfully!&quot;,
    &quot;data&quot;: {
        &quot;user_id&quot;: &quot;e6zBv-0pk0yyIP_ZG9HNQ&quot;,
        &quot;wallet_status&quot;: &quot;created&quot;,
        &quot;status&quot;: &quot;active&quot;,
        &quot;created&quot;: 1642358077426,
        &quot;full_name&quot;: &quot;&quot;,
        &quot;email&quot;: &quot;qqpolpiwyc@test.com&quot;,
        &quot;wallet_id&quot;: &quot;uqipcxtghj.near&quot;,
        &quot;phone&quot;: &quot;0015911758&quot;,
        &quot;verified&quot;: false
    }
}
</system-out>
  </testcase>
  <testcase classname="tests.nftsTests.TestNfts" name="testGetAllNfts" time="2.177">
    <failure message="1 expectation failed.
Expected status code &lt;200&gt; but was &lt;500&gt;.
" type="java.lang.AssertionError">java.lang.AssertionError: 1 expectation failed.
Expected status code &lt;200&gt; but was &lt;500&gt;.
	at java.base/jdk.internal.reflect.NativeConstructorAccessorImpl.newInstance0(Native Method)
	at java.base/jdk.internal.reflect.NativeConstructorAccessorImpl.newInstance(NativeConstructorAccessorImpl.java:78)
	at java.base/jdk.internal.reflect.DelegatingConstructorAccessorImpl.newInstance(DelegatingConstructorAccessorImpl.java:45)
	at java.base/java.lang.reflect.Constructor.newInstanceWithCaller(Constructor.java:499)
	at java.base/java.lang.reflect.Constructor.newInstance(Constructor.java:480)
	at org.codehaus.groovy.reflection.CachedConstructor.invoke(CachedConstructor.java:72)
	at org.codehaus.groovy.runtime.callsite.ConstructorSite$ConstructorSiteNoUnwrapNoCoerce.callConstructor(ConstructorSite.java:105)
	at org.codehaus.groovy.runtime.callsite.CallSiteArray.defaultCallConstructor(CallSiteArray.java:59)
	at org.codehaus.groovy.runtime.callsite.AbstractCallSite.callConstructor(AbstractCallSite.java:263)
	at org.codehaus.groovy.runtime.callsite.AbstractCallSite.callConstructor(AbstractCallSite.java:277)
	at io.restassured.internal.ResponseSpecificationImpl$HamcrestAssertionClosure.validate(ResponseSpecificationImpl.groovy:493)
	at io.restassured.internal.ResponseSpecificationImpl$HamcrestAssertionClosure$validate$1.call(Unknown Source)
	at io.restassured.internal.ResponseSpecificationImpl.validateResponseIfRequired(ResponseSpecificationImpl.groovy:674)
	at jdk.internal.reflect.GeneratedMethodAccessor138.invoke(Unknown Source)
	at java.base/jdk.internal.reflect.DelegatingMethodAccessorImpl.invoke(DelegatingMethodAccessorImpl.java:43)
	at java.base/java.lang.reflect.Method.invoke(Method.java:567)
	at org.codehaus.groovy.runtime.callsite.PlainObjectMetaMethodSite.doInvoke(PlainObjectMetaMethodSite.java:43)
	at org.codehaus.groovy.runtime.callsite.PogoMetaMethodSite$PogoCachedMethodSiteNoUnwrapNoCoerce.invoke(PogoMetaMethodSite.java:193)
	at org.codehaus.groovy.runtime.callsite.PogoMetaMethodSite.callCurrent(PogoMetaMethodSite.java:61)
	at org.codehaus.groovy.runtime.callsite.AbstractCallSite.callCurrent(AbstractCallSite.java:185)
	at io.restassured.internal.ResponseSpecificationImpl.statusCode(ResponseSpecificationImpl.groovy:126)
	at io.restassured.specification.ResponseSpecification$statusCode$0.callCurrent(Unknown Source)
	at io.restassured.internal.ResponseSpecificationImpl.statusCode(ResponseSpecificationImpl.groovy:134)
	at io.restassured.internal.ValidatableResponseOptionsImpl.statusCode(ValidatableResponseOptionsImpl.java:89)
	at io.restassured.internal.ValidatableResponseImpl.super$2$statusCode(ValidatableResponseImpl.groovy)
	at jdk.internal.reflect.GeneratedMethodAccessor137.invoke(Unknown Source)
	at java.base/jdk.internal.reflect.DelegatingMethodAccessorImpl.invoke(DelegatingMethodAccessorImpl.java:43)
	at java.base/java.lang.reflect.Method.invoke(Method.java:567)
	at org.codehaus.groovy.reflection.CachedMethod.invoke(CachedMethod.java:107)
	at groovy.lang.MetaMethod.doMethodInvoke(MetaMethod.java:323)
	at groovy.lang.MetaClassImpl.invokeMethod(MetaClassImpl.java:1268)
	at org.codehaus.groovy.runtime.ScriptBytecodeAdapter.invokeMethodOnSuperN(ScriptBytecodeAdapter.java:144)
	at io.restassured.internal.ValidatableResponseImpl.statusCode(ValidatableResponseImpl.groovy:142)
	at io.restassured.internal.ValidatableResponseImpl.statusCode(ValidatableResponseImpl.groovy)
	at helpers.NftServiceHelper.getAllNftDetails(NftServiceHelper.java:43)
	at tests.nftsTests.TestNfts.testGetAllNfts(TestNfts.java:43)
</failure>
    <system-out>{
    &quot;message&quot;: &quot;User deleted successfully!&quot;,
    &quot;data&quot;: {
        
    }
}
Request method:	GET
Request URI:	https://api.nearlogin.io/users/e6zBv-0pk0yyIP_ZG9HNQ
Proxy:			&lt;none&gt;
Request params:	&lt;none&gt;
Query params:	&lt;none&gt;
Form params:	&lt;none&gt;
Path params:	&lt;none&gt;
Headers:		Authorization=Bearer eyJraWQiOiJmdjZkSFwvQ05Bajk5bE10b2V2K2hrMFVBUWRZeGRyK2dlTGNJYWpqRTlCMD0iLCJhbGciOiJSUzI1NiJ9.eyJvcmlnaW5fanRpIjoiNjZkODEwOWYtNWE0Mi00MTMzLTkwNzYtOGEwOWM5NzcyNTVkIiwic3ViIjoiODIzMGU2NjgtZmVhZC00NDQ0LTk4ZjItZjhlNmYzNzZlNTllIiwiZXZlbnRfaWQiOiIyYjFmMmY4Mi00ZWI4LTRkY2MtYmU5OC0wMWVkMGVjMTNlMmMiLCJ0b2tlbl91c2UiOiJhY2Nlc3MiLCJzY29wZSI6ImF3cy5jb2duaXRvLnNpZ25pbi51c2VyLmFkbWluIiwiYXV0aF90aW1lIjoxNjQyMzU4MDc4LCJpc3MiOiJodHRwczpcL1wvY29nbml0by1pZHAudXMtZWFzdC0xLmFtYXpvbmF3cy5jb21cL3VzLWVhc3QtMV9hSlUxRThUWVciLCJleHAiOjE2NDI0NDQ0NzcsImlhdCI6MTY0MjM1ODA3OCwianRpIjoiNDdkNzZiNzctZjc2MC00ZmJmLWEyZjAtYjc4NzM1OGY1OGEyIiwiY2xpZW50X2lkIjoiMWg4ajM3ZW44ZXEwNGU0bnVsOGw3Z2U0YW4iLCJ1c2VybmFtZSI6InVxaXBjeHRnaGoubmVhciJ9.Kk5L651TIM7OjTn70Nc82pMsIzlWuOPCdnbbErmPts5bE0rhtJRdLPuJkipkQsIUim0Pq_ESWz7kOb7jAOws7e1ai1USL6CGFI4DdAWKPrmjcPy99fsxMw068ex2pCamlbt1b1gwGq2yJH4oO-cIA9jXjXKdU6a2_opxW_OyK3cGuIOPgtFjw8HJb-RV7TdYdx4Vv7KqowSdpq5Y3DRwaEbUZ2h_2nEmERpHilGnfpsoyKI9R80ORR1siV86jKx7e1vE2wW4DmKtcQ3XURWKxNBzRHs4PSEZ2GLukMUQYOVEAEO5zQ5l9cMHhav6SSbLjziiDoPT_6H7VQ1o2ycqsQ
				Accept=*/*
Cookies:		&lt;none&gt;
Multiparts:		&lt;none&gt;
Body:			&lt;none&gt;
{
    &quot;message&quot;: &quot;User retrieved successfully!&quot;,
    &quot;data&quot;: {
        &quot;updated&quot;: 1642358079654,
        &quot;user_id&quot;: &quot;e6zBv-0pk0yyIP_ZG9HNQ&quot;,
        &quot;wallet_status&quot;: &quot;created&quot;,
        &quot;status&quot;: &quot;deleted&quot;,
        &quot;created&quot;: 1642358077426,
        &quot;full_name&quot;: &quot;&quot;,
        &quot;email&quot;: &quot;qqpolpiwyc@test.com&quot;,
        &quot;wallet_id&quot;: &quot;uqipcxtghj.near&quot;,
        &quot;phone&quot;: &quot;0015911758&quot;,
        &quot;verified&quot;: false
    }
}
Request method:	POST
Request URI:	https://api.nearlogin.io/user/create
Proxy:			&lt;none&gt;
Request params:	&lt;none&gt;
Query params:	&lt;none&gt;
Form params:	&lt;none&gt;
Path params:	&lt;none&gt;
Headers:		Accept=*/*
				Content-Type=application/json
Cookies:		&lt;none&gt;
Multiparts:		&lt;none&gt;
Body:
{
    &quot;full_name&quot;: &quot;Abdo grgedberqs&quot;,
    &quot;wallet_id&quot;: &quot;accmwtcxnu.near&quot;,
    &quot;email&quot;: &quot;ticwjgddhf@test.com&quot;,
    &quot;phone&quot;: &quot;0013128904&quot;,
    &quot;walletName&quot;: &quot;accmwtcxnu.near&quot;
}
{
    &quot;jwt_access_token&quot;: &quot;eyJraWQiOiJmdjZkSFwvQ05Bajk5bE10b2V2K2hrMFVBUWRZeGRyK2dlTGNJYWpqRTlCMD0iLCJhbGciOiJSUzI1NiJ9.eyJvcmlnaW5fanRpIjoiYzQzOTAyNTAtYWQwMi00Y2ZkLTk4NTctZjQzYjE4NTNmY2QxIiwic3ViIjoiNzA0MTdjMWUtM2U2Yi00ZGMxLWI5ZTctNjc1YzNiMWUwMDJlIiwiZXZlbnRfaWQiOiI4ZWQwYWE3Zi1hYmY2LTQxZmYtYTRmOS0yNGIxMWIyMjg5ZWQiLCJ0b2tlbl91c2UiOiJhY2Nlc3MiLCJzY29wZSI6ImF3cy5jb2duaXRvLnNpZ25pbi51c2VyLmFkbWluIiwiYXV0aF90aW1lIjoxNjQyMzU4MDgyLCJpc3MiOiJodHRwczpcL1wvY29nbml0by1pZHAudXMtZWFzdC0xLmFtYXpvbmF3cy5jb21cL3VzLWVhc3QtMV9hSlUxRThUWVciLCJleHAiOjE2NDI0NDQ0ODIsImlhdCI6MTY0MjM1ODA4MiwianRpIjoiMTJiNTNlMDAtNTQ5OC00ODdmLWExMWEtZmY1MTliYzczNWEzIiwiY2xpZW50X2lkIjoiMWg4ajM3ZW44ZXEwNGU0bnVsOGw3Z2U0YW4iLCJ1c2VybmFtZSI6ImFjY213dGN4bnUubmVhciJ9.p1c8ZEsMU8_SzN-rZxmVqu3e9PIHi1x1D5YMNdlr6KSnNLHxgHQB5RjO-TxtdlqOR1hnJySSSzuwtUbdN770FKdm7G9xz3GnAyczC46uMo9gSGts7Iu8ylKXnXQx0-CzgksUmkVdUcLEJ3PQP-jrY5oT38khZEkx2P8odZTTR9BM2ciQ305kLce-irTmZj_LxzypdC4wu6cIwOyYnDBLFl92JotbLD9cWwWzj7uUDudjuG7vg2iiM0FqOcolTcOCJFQbYY15EbJ3lmaT3ajSrSjjrcmXMvWOEpqXCMKee7pUPdrUdflsMTI2kxPU5iIwijyXFUuzkXABSijXR1ZUqg&quot;,
    &quot;jwt_id_token&quot;: &quot;eyJraWQiOiJScTVVUXU5UUZoRnlzVGQyZTBXb3BnYlBrcWRcL0pzMWprV1Y2RGtRNGdjND0iLCJhbGciOiJSUzI1NiJ9.eyJvcmlnaW5fanRpIjoiYzQzOTAyNTAtYWQwMi00Y2ZkLTk4NTctZjQzYjE4NTNmY2QxIiwic3ViIjoiNzA0MTdjMWUtM2U2Yi00ZGMxLWI5ZTctNjc1YzNiMWUwMDJlIiwiYXVkIjoiMWg4ajM3ZW44ZXEwNGU0bnVsOGw3Z2U0YW4iLCJldmVudF9pZCI6IjhlZDBhYTdmLWFiZjYtNDFmZi1hNGY5LTI0YjExYjIyODllZCIsInRva2VuX3VzZSI6ImlkIiwiYXV0aF90aW1lIjoxNjQyMzU4MDgyLCJpc3MiOiJodHRwczpcL1wvY29nbml0by1pZHAudXMtZWFzdC0xLmFtYXpvbmF3cy5jb21cL3VzLWVhc3QtMV9hSlUxRThUWVciLCJjb2duaXRvOnVzZXJuYW1lIjoiYWNjbXd0Y3hudS5uZWFyIiwiZXhwIjoxNjQyNDQ0NDgyLCJpYXQiOjE2NDIzNTgwODIsImp0aSI6IjA3N2YyZDZmLTcyYmYtNDk0MC05NGZkLTNiNzYyNmJkZmI0OSJ9.dKzFP5Q7ceY_SBF7ou6MN-FsaWj_Ui7oYUV4weth8qcq64ffUjDGDHJLJ7HgAQdRq_cJy4WYG-h286a3rjzs4dEoLImJ5uqBx3OA07S3DwIAsh9CDK6UBsXiXUX3Kt2tQHhHYeStcZaaEkuSSy9dGQAEMeCrkWGBTPz5DJ1udLupach7VAOj_aJLG23oB4uKROj5vKakzvNXnx4uHcbw1KLpsfPAyuKV04hkQgORBWVpfuOay-OMNy2FYeUlQz8uBrQ2n2GxK6PBNLwF-t3mLurIBwKbB2TZpm34Rx3Am14KEWrkuAJTRafRimdif3Bur6LP_lwtd3aXtri9GXvupw&quot;,
    &quot;jwt_refresh_token&quot;: &quot;eyJjdHkiOiJKV1QiLCJlbmMiOiJBMjU2R0NNIiwiYWxnIjoiUlNBLU9BRVAifQ.TGLUOTAaZHiuAMVvz1cF9RVXy59-9v_JMZupwfk0ZKhBYo669BZSeSU41TSQ2ANWQWIX1VXDr8-wzSmzLiOvM_xbNwOoHzfX5lo1b06Go9DyWooKvgaBhO64dWhIVqGWuVqyoV6gVzs0C1ZmdVmM124FXuEEw4m2Y1BH1bJvdnIwzrs-z1b15YY63YkqNSQwiOJrTmjs7Vce6-5yh27W93R8xrRqITTQTWesOmB-xBmmm2qe6ZTi3HOaGITK1ZYXybIymRnqxZMr0IlZIvpCrd_wxStYjb-m3dOzgehUDOt2BJIq_MCHi76QRwPhh-Hyc59gZCf2GrFjkcyxkfCMMw.LgQL-PyDw8J30ulr.PJjEWCKi0vpS0kQOLndokf7ydmL8y-t4TGQMtuta9IVb1l2XByd28aR0OhSYQDxW77Q2U0YfVUzEBTav9qB3c-g-wH0nfAAB0ncG1jw_OItIeT9FYPvSLSH12UBqAVONJ5D7YgYbjkqFAPwo5O1IPm9ajwAItrBlG6niJjbCQQMl4NsourJujXn-65HaRWGFmwyTvhT0k3LWaKKkqGBvvmI0n5RKqOX7-cPXU0qtUPcVm_CrZILT1ZkIspfGS8Amcks0hxe9B0ihvAgie-yXFHwbQHk9mNVwtX5TObaYw2uInhwtRgmaIESh2GESFnH-lyQvRZR_w-BpZ5WjY_3cmhfVmW_Q_joNGY0jYmKGimGPqkXPbrvFUgC7X8llycOcDVhw7v9uBlC9o2tW7kgAH2ePYqSYrO0miQGnoxHB2f5nV1KTQ-ub5t31261jqm4G6haxRezX2F4m7zLA1CpidG3GUOc1CncUYPAsva3Fh9UBdcHUbW7fUxjuaFHOXKduyoh_g8ejT658hNUGEnQO8yWXi3o0LSNeK0uptuMhAop6TVLiGyQF6ADZE6ZhUlL6GGL4RDXIFt7IHi5SMWw6UzvsfmfjL4-xsTMn0NiWmCsoS4BW22380zWB1-5sNuN3quJ8nDQ2MMGlB72CSjKwBY605bcnXLfwi9vD9F6ULPibCaqi3w-_DANh9znWHg3oc3dNPR_6TTY114S9njRZOTlXVNXtm_7FWxiNkWrBg9zU7Xlo9qOL86k9ad3MoLcMELntw4SgHX99wNqx66Pcdj4jtbaRpUeX3CM1iWBxqItWwOwrrZrdoJkEOQXEejy4yByLIYPfWI8k8jOG4VX3we0sI_ppWgnXkk-to8ljtiBd5tLdugggt3fmI5pHPrhy89wqs9Sc1uLskhyOS4CdQvvYvjwhLOZLWOYWzRBr3DMw-w8wqLIbifloNOOaz1uM0I4_lOZ_mdz0nTGf6E1fxzQ5FnqfiWdYXwEWYu-hxa4K2QG2AdFs-6ZgRuUFFlEaeeSiw--zfb5NazO1yfk066eT84bbZ01RaNt0dhCJ3Bzj_22Sjt-eiV6nTj0OvR5CK6DFN60axBSc2y_4UUUYXr-TYFeQ4pnXhVzmayYa7xRSdowojvzMqB6FSeRfyaOi6A6NL4tbzlJKeo1DEqq4VJyBUqT_RDeyYF8VycWrm-KvHoEtW5xBKVMAE2c70dqg-eYUOHrHLnIxk65urvZ52BP72RjtkJd1qFX6LXZhckxwMGitxKtf4c2Q8jMuqONYLqXfdbbnZqrRrHmZ4c3K.q-C0e-PYaTFZKjw1R02a-A&quot;,
    &quot;user_info&quot;: {
        &quot;user_id&quot;: &quot;nXZ7eeLq2GotNN6PHAL_G&quot;,
        &quot;wallet_status&quot;: &quot;pending&quot;,
        &quot;status&quot;: &quot;active&quot;,
        &quot;created&quot;: 1642358081502,
        &quot;full_name&quot;: &quot;&quot;,
        &quot;email&quot;: &quot;ticwjgddhf@test.com&quot;,
        &quot;wallet_id&quot;: &quot;accmwtcxnu.near&quot;,
        &quot;phone&quot;: &quot;0013128904&quot;,
        &quot;verified&quot;: false
    }
}
{
    &quot;message&quot;: &quot;NFT creation successful!&quot;,
    &quot;data&quot;: {
        &quot;nft_id&quot;: &quot;wsDxq_gPaDTNubVDjumWu&quot;,
        &quot;updated&quot;: 1642358083244,
        &quot;status&quot;: &quot;active&quot;,
        &quot;created&quot;: 1642358083244,
        &quot;description&quot;: &quot;This is my automation framework!&quot;,
        &quot;owner_id&quot;: &quot;nXZ7eeLq2GotNN6PHAL_G&quot;,
        &quot;file_url&quot;: &quot;https://near-lambda-nft-files.s3.us-west-1.amazonaws.com/wsDxq_gPaDTNubVDjumWu_original_test-2.jpg&quot;,
        &quot;title&quot;: &quot;Hello from automation!&quot;
    },
    &quot;debug&quot;: {
        &quot;result&quot;: {
            
        },
        &quot;transaction_result&quot;: null
    }
}
</system-out>
  </testcase>
  <testcase classname="tests.nftsTests.TestNfts" name="testGetSingleNft" time="0.975"/>
  <testcase classname="tests.nftsTests.TestNfts" name="testUpdateNft" time="2.797"/>
</testsuite>