<?xml version="1.0" encoding="UTF-8"?>
<!-- Generated by org.testng.reporters.JUnitReportReporter -->
<testsuite hostname="MacBook-Air-3097.local" failures="0" tests="7" name="tests.contactsTests.TestContacts" time="12.475" errors="0" timestamp="2022-01-16T05:41:30 EET" skipped="0">
  <testcase classname="tests.contactsTests.TestContacts" name="testCreateContact" time="0.908"/>
  <system-out/>
  <testcase classname="tests.contactsTests.TestContacts" name="testImportOneOrMoreContacts" time="0.826"/>
  <system-out/>
  <testcase classname="tests.contactsTests.TestContacts" name="testGetContactsOfAnUser" time="7.302"/>
  <system-out/>
  <testcase classname="tests.contactsTests.TestContacts" name="testGetContact" time="0.861"/>
  <system-out/>
  <testcase classname="tests.contactsTests.TestContacts" name="testUpdateContact" time="0.890"/>
  <system-out/>
  <testcase classname="tests.contactsTests.TestContacts" name="testDeleteContact" time="0.844"/>
  <system-out/>
  <testcase classname="tests.contactsTests.TestContacts" name="verifyTheContactStatusAfterDeleting" time="0.844"/>
  <system-out/>
</testsuite> <!-- tests.contactsTests.TestContacts -->
