<?xml version="1.0" encoding="UTF-8"?>
<!-- Generated by org.testng.reporters.JUnitReportReporter -->
<testsuite hostname="MacBook-Air-3097.local" failures="0" tests="5" name="tests.nftsTests.TestNfts" time="9.314" errors="0" timestamp="2022-01-13T15:57:53 EET" skipped="0">
  <testcase classname="tests.nftsTests.TestNfts" name="testGetAllNfts" time="4.021"/>
  <system-out/>
  <testcase classname="tests.nftsTests.TestNfts" name="verifyTheNftStatusAfterDeleting" time="0.869"/>
  <system-out/>
  <testcase classname="tests.nftsTests.TestNfts" name="testGetSingleNft" time="0.869"/>
  <system-out/>
  <testcase classname="tests.nftsTests.TestNfts" name="testCreateNft" time="1.854"/>
  <system-out/>
  <testcase classname="tests.nftsTests.TestNfts" name="testDeleteNft" time="1.701"/>
  <system-out/>
</testsuite> <!-- tests.nftsTests.TestNfts -->
