<?xml version="1.0" encoding="UTF-8"?>
<!-- Generated by org.testng.reporters.JUnitReportReporter -->
<testsuite hostname="MacBook-Air-3097.local" failures="0" tests="2" name="tests.loginTests.TestLogin" time="3.164" errors="0" timestamp="2022-01-18T18:17:34 EET" skipped="0">
  <testcase classname="tests.loginTests.TestLogin" name="testCreateLoginOtp" time="1.207"/>
  <system-out/>
  <testcase classname="tests.loginTests.TestLogin" name="testVerifyLoginOtp" time="1.957"/>
  <system-out/>
</testsuite> <!-- tests.loginTests.TestLogin -->
