<?xml version="1.0" encoding="UTF-8"?>
<!-- Generated by org.testng.reporters.JUnitReportReporter -->
<testsuite hostname="MacBook-Air-3097.local" failures="0" tests="4" name="tests.contactsTests.TestContacts" time="26.207" errors="0" timestamp="2022-01-16T20:35:04 EET" skipped="0">
  <testcase classname="tests.contactsTests.TestContacts" name="testImportOneOrMoreContacts" time="6.093"/>
  <system-out/>
  <testcase classname="tests.contactsTests.TestContacts" name="testGetContact" time="7.304"/>
  <system-out/>
  <testcase classname="tests.contactsTests.TestContacts" name="testGetContactsOfAnUser" time="6.094"/>
  <system-out/>
  <testcase classname="tests.contactsTests.TestContacts" name="testUpdateContact" time="6.716"/>
  <system-out/>
</testsuite> <!-- tests.contactsTests.TestContacts -->
