<?xml version="1.0" encoding="UTF-8"?>
<!-- Generated by org.testng.reporters.JUnitReportReporter -->
<testsuite hostname="MacBook-Air-3097.local" failures="0" tests="6" name="tests.nftsTests.TestNfts" time="9.067" errors="0" timestamp="2022-01-13T22:27:34 EET" skipped="0">
  <testcase classname="tests.nftsTests.TestNfts" name="testGetAllNfts" time="3.959"/>
  <system-out/>
  <testcase classname="tests.nftsTests.TestNfts" name="testCreateNft" time="1.557"/>
  <system-out/>
  <testcase classname="tests.nftsTests.TestNfts" name="testGetSingleNft" time="0.879"/>
  <system-out/>
  <testcase classname="tests.nftsTests.TestNfts" name="testUpdateNft" time="0.920"/>
  <system-out/>
  <testcase classname="tests.nftsTests.TestNfts" name="testDeleteNft" time="0.881"/>
  <system-out/>
  <testcase classname="tests.nftsTests.TestNfts" name="verifyTheNftStatusAfterDeleting" time="0.871"/>
  <system-out/>
</testsuite> <!-- tests.nftsTests.TestNfts -->
