<?xml version="1.0" encoding="UTF-8"?>
<!-- Generated by org.testng.reporters.JUnitReportReporter -->
<testsuite hostname="MacBook-Air-3097.local" failures="0" tests="2" name="tests.TestLogin" time="9.288" errors="0" timestamp="2022-01-15T16:23:08 EET" skipped="0">
  <testcase classname="tests.TestLogin" name="createLoginOtp" time="6.525"/>
  <system-out/>
  <testcase classname="tests.TestLogin" name="verifyLoginOtp" time="2.763"/>
  <system-out/>
</testsuite> <!-- tests.TestLogin -->
