<?xml version="1.0" encoding="UTF-8"?>
<!-- Generated by org.testng.reporters.JUnitReportReporter -->
<testsuite hostname="MacBook-Air-3097.local" failures="0" tests="6" name="tests.nftsTests.TestNfts" time="10.751" errors="0" timestamp="2022-01-15T04:09:29 EET" skipped="0">
  <testcase classname="tests.nftsTests.TestNfts" name="testCreateNft" time="1.331"/>
  <system-out/>
  <testcase classname="tests.nftsTests.TestNfts" name="testGetAllNfts" time="4.846"/>
  <system-out/>
  <testcase classname="tests.nftsTests.TestNfts" name="testGetSingleNft" time="0.966"/>
  <system-out/>
  <testcase classname="tests.nftsTests.TestNfts" name="testUpdateNft" time="1.921"/>
  <system-out/>
  <testcase classname="tests.nftsTests.TestNfts" name="testDeleteNft" time="0.875"/>
  <system-out/>
  <testcase classname="tests.nftsTests.TestNfts" name="verifyTheNftStatusAfterDeleting" time="0.812"/>
  <system-out/>
</testsuite> <!-- tests.nftsTests.TestNfts -->
