<?xml version="1.0" encoding="UTF-8"?>
<!-- Generated by org.testng.reporters.JUnitReportReporter -->
<testsuite hostname="MacBook-Air-3097.local" failures="0" tests="3" name="tests.transactionsTests.TestUserTransactionsIntegration" time="41.351" errors="0" timestamp="2022-01-17T01:20:01 EET" skipped="0">
  <testcase classname="tests.transactionsTests.TestUserTransactionsIntegration" name="testGetUserTransactions" time="11.590"/>
  <system-out/>
  <testcase classname="tests.transactionsTests.TestUserTransactionsIntegration" name="testUpdateTransaction" time="14.744"/>
  <system-out/>
  <testcase classname="tests.transactionsTests.TestUserTransactionsIntegration" name="testGetNftTransactions" time="15.017"/>
  <system-out/>
</testsuite> <!-- tests.transactionsTests.TestUserTransactionsIntegration -->
