<?xml version="1.0" encoding="UTF-8"?>
<!-- Generated by org.testng.reporters.JUnitReportReporter -->
<testsuite hostname="MacBook-Air-3097.local" failures="0" tests="6" name="tests.nftsTests.TestNfts" time="11.568" errors="0" timestamp="2022-01-15T00:43:21 EET" skipped="0">
  <testcase classname="tests.nftsTests.TestNfts" name="testCreateNft" time="1.148"/>
  <system-out/>
  <testcase classname="tests.nftsTests.TestNfts" name="testGetAllNfts" time="5.517"/>
  <system-out/>
  <testcase classname="tests.nftsTests.TestNfts" name="testGetSingleNft" time="1.703"/>
  <system-out/>
  <testcase classname="tests.nftsTests.TestNfts" name="testUpdateNft" time="1.532"/>
  <system-out/>
  <testcase classname="tests.nftsTests.TestNfts" name="testDeleteNft" time="0.832"/>
  <system-out/>
  <testcase classname="tests.nftsTests.TestNfts" name="verifyTheNftStatusAfterDeleting" time="0.836"/>
  <system-out/>
</testsuite> <!-- tests.nftsTests.TestNfts -->
