<?xml version="1.0" encoding="UTF-8"?>
<!-- Generated by org.testng.reporters.JUnitReportReporter -->
<testsuite hostname="MacBook-Air-3097.local" failures="0" tests="6" name="tests.nftsTests.TestNfts" time="9.797" errors="0" timestamp="2022-01-15T03:21:08 EET" skipped="0">
  <testcase classname="tests.nftsTests.TestNfts" name="testGetAllNfts" time="5.047"/>
  <system-out/>
  <testcase classname="tests.nftsTests.TestNfts" name="testCreateNft" time="1.137"/>
  <system-out/>
  <testcase classname="tests.nftsTests.TestNfts" name="testGetSingleNft" time="1.014"/>
  <system-out/>
  <testcase classname="tests.nftsTests.TestNfts" name="testUpdateNft" time="0.924"/>
  <system-out/>
  <testcase classname="tests.nftsTests.TestNfts" name="testDeleteNft" time="0.823"/>
  <system-out/>
  <testcase classname="tests.nftsTests.TestNfts" name="verifyTheNftStatusAfterDeleting" time="0.852"/>
  <system-out/>
</testsuite> <!-- tests.nftsTests.TestNfts -->
