<?xml version="1.0" encoding="UTF-8"?>
<!-- Generated by org.testng.reporters.JUnitReportReporter -->
<testsuite hostname="MacBook-Air-3097.local" failures="0" tests="4" name="tests.nftsTests.TestNfts" time="7.301" errors="0" timestamp="2022-01-13T12:51:04 EET" skipped="0">
  <testcase classname="tests.nftsTests.TestNfts" name="verifyTheNftStatusAfterDeleting" time="0.853"/>
  <system-out/>
  <testcase classname="tests.nftsTests.TestNfts" name="testGetAllNfts" time="4.024"/>
  <system-out/>
  <testcase classname="tests.nftsTests.TestNfts" name="testDeleteNft" time="1.477"/>
  <system-out/>
  <testcase classname="tests.nftsTests.TestNfts" name="testGetSingleNft" time="0.947"/>
  <system-out/>
</testsuite> <!-- tests.nftsTests.TestNfts -->
