<?xml version="1.0" encoding="UTF-8"?>
<!-- Generated by org.testng.reporters.JUnitReportReporter -->
<testsuite hostname="MacBook-Air-3097.local" failures="0" tests="2" name="tests.TestLogin" time="13.810" errors="0" timestamp="2022-01-16T20:35:04 EET" skipped="0">
  <testcase classname="tests.TestLogin" name="testVerifyLoginOtp" time="3.170"/>
  <system-out/>
  <testcase classname="tests.TestLogin" name="testCreateLoginOtp" time="10.640"/>
  <system-out/>
</testsuite> <!-- tests.TestLogin -->
