<?xml version="1.0" encoding="UTF-8"?>
<!-- Generated by org.testng.reporters.JUnitReportReporter -->
<testsuite hostname="MacBook-Air-3097.local" failures="0" tests="2" name="tests.TestLogin" time="9.950" errors="0" timestamp="2022-01-17T01:20:01 EET" skipped="0">
  <testcase classname="tests.TestLogin" name="testVerifyLoginOtp" time="2.776"/>
  <system-out/>
  <testcase classname="tests.TestLogin" name="testCreateLoginOtp" time="7.174"/>
  <system-out/>
</testsuite> <!-- tests.TestLogin -->
