<?xml version="1.0" encoding="UTF-8"?>
<!-- Generated by org.testng.reporters.JUnitReportReporter -->
<testsuite hostname="MacBook-Air-3097.local" failures="0" tests="5" name="tests.usersTests.TestUserInvalidScenarios" time="25.629" errors="0" timestamp="2022-01-18T00:17:58 EET" skipped="0">
  <testcase classname="tests.usersTests.TestUserInvalidScenarios" name="testGetUnauthorizedUser" time="4.160"/>
  <system-out/>
  <testcase classname="tests.usersTests.TestUserInvalidScenarios" name="testCreateUserWithoutEmailOrPhone" time="0.873"/>
  <system-out/>
  <testcase classname="tests.usersTests.TestUserInvalidScenarios" name="testCreateUserWithoutWalletName" time="0.809"/>
  <system-out/>
  <testcase classname="tests.usersTests.TestUserInvalidScenarios" name="testGetUserWithProvidingEmptyUserId" time="7.607"/>
  <system-out/>
  <testcase classname="tests.usersTests.TestUserInvalidScenarios" name="testGetWrongUser" time="12.180"/>
  <system-out/>
</testsuite> <!-- tests.usersTests.TestUserInvalidScenarios -->
