<?xml version="1.0" encoding="UTF-8"?>
<!-- Generated by org.testng.reporters.JUnitReportReporter -->
<testsuite hostname="MacBook-Air-3097.local" failures="0" tests="6" name="tests.nftsTests.TestNfts" time="10.437" errors="0" timestamp="2022-01-14T18:56:19 EET" skipped="0">
  <testcase classname="tests.nftsTests.TestNfts" name="testGetAllNfts" time="5.706"/>
  <system-out/>
  <testcase classname="tests.nftsTests.TestNfts" name="testCreateNft" time="1.169"/>
  <system-out/>
  <testcase classname="tests.nftsTests.TestNfts" name="testGetSingleNft" time="0.974"/>
  <system-out/>
  <testcase classname="tests.nftsTests.TestNfts" name="testUpdateNft" time="0.941"/>
  <system-out/>
  <testcase classname="tests.nftsTests.TestNfts" name="testDeleteNft" time="0.840"/>
  <system-out/>
  <testcase classname="tests.nftsTests.TestNfts" name="verifyTheNftStatusAfterDeleting" time="0.807"/>
  <system-out/>
</testsuite> <!-- tests.nftsTests.TestNfts -->
