<?xml version="1.0" encoding="UTF-8"?>
<!-- Generated by org.testng.reporters.JUnitReportReporter -->
<testsuite hostname="MacBook-Air-3097.local" failures="0" tests="6" name="tests.transactionsTests.TestUserTransactionsIntegration" time="8.791" errors="0" timestamp="2022-01-15T16:23:08 EET" skipped="0">
  <testcase classname="tests.transactionsTests.TestUserTransactionsIntegration" name="testCreateTransaction" time="1.534"/>
  <system-out/>
  <testcase classname="tests.transactionsTests.TestUserTransactionsIntegration" name="testGetUserTransactions" time="0.944"/>
  <system-out/>
  <testcase classname="tests.transactionsTests.TestUserTransactionsIntegration" name="testGetNftTransactions" time="1.776"/>
  <system-out/>
  <testcase classname="tests.transactionsTests.TestUserTransactionsIntegration" name="testUpdateTransaction" time="1.519"/>
  <system-out/>
  <testcase classname="tests.transactionsTests.TestUserTransactionsIntegration" name="testDeleteTransaction" time="1.490"/>
  <system-out/>
  <testcase classname="tests.transactionsTests.TestUserTransactionsIntegration" name="verifyTheTransactionStatusAfterDeleting" time="1.528"/>
  <system-out/>
</testsuite> <!-- tests.transactionsTests.TestUserTransactionsIntegration -->
