<?xml version="1.0" encoding="UTF-8"?>
<!-- Generated by org.testng.reporters.JUnitReportReporter -->
<testsuite hostname="MacBook-Air-3097.local" failures="0" tests="4" name="tests.contactsTests.TestContacts" time="28.708" errors="0" timestamp="2022-01-18T18:17:34 EET" skipped="0">
  <testcase classname="tests.contactsTests.TestContacts" name="testGetContact" time="8.744"/>
  <system-out/>
  <testcase classname="tests.contactsTests.TestContacts" name="testGetContactsOfAnUser" time="5.991"/>
  <system-out/>
  <testcase classname="tests.contactsTests.TestContacts" name="testUpdateContact" time="8.058"/>
  <system-out/>
  <testcase classname="tests.contactsTests.TestContacts" name="testImportOneOrMoreContacts" time="5.915"/>
  <system-out/>
</testsuite> <!-- tests.contactsTests.TestContacts -->
