<?xml version="1.0" encoding="UTF-8"?>
<!-- Generated by org.testng.reporters.JUnitReportReporter -->
<testsuite hostname="MacBook-Air-3097.local" failures="0" tests="6" name="tests.nftsTests.TestNfts" time="10.919" errors="0" timestamp="2022-01-15T16:23:08 EET" skipped="0">
  <testcase classname="tests.nftsTests.TestNfts" name="testCreateNft" time="1.208"/>
  <system-out/>
  <testcase classname="tests.nftsTests.TestNfts" name="testGetAllNfts" time="4.545"/>
  <system-out/>
  <testcase classname="tests.nftsTests.TestNfts" name="testGetSingleNft" time="1.531"/>
  <system-out/>
  <testcase classname="tests.nftsTests.TestNfts" name="testUpdateNft" time="1.638"/>
  <system-out/>
  <testcase classname="tests.nftsTests.TestNfts" name="testDeleteNft" time="0.913"/>
  <system-out/>
  <testcase classname="tests.nftsTests.TestNfts" name="verifyTheNftStatusAfterDeleting" time="1.084"/>
  <system-out/>
</testsuite> <!-- tests.nftsTests.TestNfts -->
