<?xml version="1.0" encoding="UTF-8"?>
<!-- Generated by org.testng.reporters.JUnitReportReporter -->
<testsuite hostname="MacBook-Air-3097.local" failures="0" tests="3" name="tests.transactionsTests.TestUserTransactionsIntegration" time="41.078" errors="0" timestamp="2022-01-18T00:17:58 EET" skipped="0">
  <testcase classname="tests.transactionsTests.TestUserTransactionsIntegration" name="testUpdateTransaction" time="12.287"/>
  <system-out/>
  <testcase classname="tests.transactionsTests.TestUserTransactionsIntegration" name="testGetNftTransactions" time="13.365"/>
  <system-out/>
  <testcase classname="tests.transactionsTests.TestUserTransactionsIntegration" name="testGetUserTransactions" time="15.426"/>
  <system-out/>
</testsuite> <!-- tests.transactionsTests.TestUserTransactionsIntegration -->
