<?xml version="1.0" encoding="UTF-8"?>
<!-- Generated by org.testng.reporters.JUnitReportReporter -->
<testsuite hostname="MacBook-Air-3097.local" failures="0" tests="5" name="tests.TestUserTransactionsIntegration" time="5.448" errors="0" timestamp="2022-01-12T14:03:01 EET" skipped="0">
  <testcase classname="tests.TestUserTransactionsIntegration" name="testGetUserTransactions" time="0.900"/>
  <system-out/>
  <testcase classname="tests.TestUserTransactionsIntegration" name="verifyTheTransactionStatusAfterDeleting" time="0.832"/>
  <system-out/>
  <testcase classname="tests.TestUserTransactionsIntegration" name="testUpdateTransaction" time="0.888"/>
  <system-out/>
  <testcase classname="tests.TestUserTransactionsIntegration" name="testDeleteTransaction" time="1.919"/>
  <system-out/>
  <testcase classname="tests.TestUserTransactionsIntegration" name="testGetNftTransactions" time="0.909"/>
  <system-out/>
</testsuite> <!-- tests.TestUserTransactionsIntegration -->
