<?xml version="1.0" encoding="UTF-8"?>
<!-- Generated by org.testng.reporters.JUnitReportReporter -->
<testsuite hostname="MacBook-Air-3097.local" failures="0" tests="2" name="tests.TestLogin" time="9.741" errors="0" timestamp="2022-01-16T18:44:44 EET" skipped="0">
  <testcase classname="tests.TestLogin" name="testVerifyLoginOtp" time="2.772"/>
  <system-out/>
  <testcase classname="tests.TestLogin" name="testCreateLoginOtp" time="6.969"/>
  <system-out/>
</testsuite> <!-- tests.TestLogin -->
