<?xml version="1.0" encoding="UTF-8"?>
<!-- Generated by org.testng.reporters.JUnitReportReporter -->
<testsuite hostname="MacBook-Air-3097.local" failures="0" tests="2" name="tests.TestLogin" time="12.117" errors="0" timestamp="2022-01-15T04:09:29 EET" skipped="0">
  <testcase classname="tests.TestLogin" name="createLoginOtp" time="9.663"/>
  <system-out/>
  <testcase classname="tests.TestLogin" name="verifyLoginOtp" time="2.454"/>
  <system-out/>
</testsuite> <!-- tests.TestLogin -->
