<?xml version="1.0" encoding="UTF-8"?>
<!-- Generated by org.testng.reporters.JUnitReportReporter -->
<testsuite hostname="MacBook-Air-3097.local" failures="0" tests="6" name="tests.transactionsTests.TestUserTransactionsIntegration" time="8.795" errors="0" timestamp="2022-01-15T03:21:08 EET" skipped="0">
  <testcase classname="tests.transactionsTests.TestUserTransactionsIntegration" name="testCreateTransaction" time="1.362"/>
  <system-out/>
  <testcase classname="tests.transactionsTests.TestUserTransactionsIntegration" name="testGetUserTransactions" time="0.979"/>
  <system-out/>
  <testcase classname="tests.transactionsTests.TestUserTransactionsIntegration" name="testGetNftTransactions" time="1.023"/>
  <system-out/>
  <testcase classname="tests.transactionsTests.TestUserTransactionsIntegration" name="testUpdateTransaction" time="1.211"/>
  <system-out/>
  <testcase classname="tests.transactionsTests.TestUserTransactionsIntegration" name="testDeleteTransaction" time="3.335"/>
  <system-out/>
  <testcase classname="tests.transactionsTests.TestUserTransactionsIntegration" name="verifyTheTransactionStatusAfterDeleting" time="0.885"/>
  <system-out/>
</testsuite> <!-- tests.transactionsTests.TestUserTransactionsIntegration -->
