<?xml version="1.0" encoding="UTF-8"?>
<!-- Generated by org.testng.reporters.JUnitReportReporter -->
<testsuite hostname="MacBook-Air-3097.local" failures="0" tests="4" name="tests.nftsTests.TestNfts" time="8.978" errors="0" timestamp="2022-01-13T02:26:44 EET" skipped="0">
  <testcase classname="tests.nftsTests.TestNfts" name="testGetSingleNft" time="0.853"/>
  <system-out/>
  <testcase classname="tests.nftsTests.TestNfts" name="testGetAllNfts" time="4.185"/>
  <system-out/>
  <testcase classname="tests.nftsTests.TestNfts" name="testDeleteNft" time="3.074"/>
  <system-out/>
  <testcase classname="tests.nftsTests.TestNfts" name="verifyTheNftStatusAfterDeleting" time="0.866"/>
  <system-out/>
</testsuite> <!-- tests.nftsTests.TestNfts -->
