<?xml version="1.0" encoding="UTF-8"?>
<!-- Generated by org.testng.reporters.JUnitReportReporter -->
<testsuite hostname="MacBook-Air-3097.local" failures="0" tests="2" name="tests.contactsTests.TestContacts" time="2.717" errors="0" timestamp="2022-01-15T16:23:08 EET" skipped="0">
  <testcase classname="tests.contactsTests.TestContacts" name="getContact" time="0.852"/>
  <system-out/>
  <testcase classname="tests.contactsTests.TestContacts" name="createContact" time="1.865"/>
  <system-out/>
</testsuite> <!-- tests.contactsTests.TestContacts -->
