<?xml version="1.0" encoding="UTF-8"?>
<!-- Generated by org.testng.reporters.JUnitReportReporter -->
<testsuite hostname="MacBook-Air-3097.local" failures="0" tests="2" name="tests.nftsTests.TestNfts" time="14.265" errors="0" timestamp="2022-01-18T18:17:34 EET" skipped="0">
  <testcase classname="tests.nftsTests.TestNfts" name="testUpdateNft" time="8.013"/>
  <system-out/>
  <testcase classname="tests.nftsTests.TestNfts" name="testGetSingleNft" time="6.252"/>
  <system-out/>
</testsuite> <!-- tests.nftsTests.TestNfts -->
