<?xml version="1.0" encoding="UTF-8"?>
<!-- Generated by org.testng.reporters.JUnitReportReporter -->
<testsuite hostname="MacBook-Air-3097.local" failures="0" tests="4" name="tests.contactsTests.TestContacts" time="31.088" errors="0" timestamp="2022-01-16T21:46:28 EET" skipped="0">
  <testcase classname="tests.contactsTests.TestContacts" name="testImportOneOrMoreContacts" time="7.877"/>
  <system-out/>
  <testcase classname="tests.contactsTests.TestContacts" name="testGetContact" time="7.701"/>
  <system-out/>
  <testcase classname="tests.contactsTests.TestContacts" name="testGetContactsOfAnUser" time="6.905"/>
  <system-out/>
  <testcase classname="tests.contactsTests.TestContacts" name="testUpdateContact" time="8.605"/>
  <system-out/>
</testsuite> <!-- tests.contactsTests.TestContacts -->
