<?xml version="1.0" encoding="UTF-8"?>
<!-- Generated by org.testng.reporters.JUnitReportReporter -->
<testsuite hostname="MacBook-Air-3097.local" failures="0" tests="7" name="tests.contactsTests.TestContacts" time="13.591" errors="0" timestamp="2022-01-16T01:41:35 EET" skipped="0">
  <testcase classname="tests.contactsTests.TestContacts" name="testGetContactsOfAnUser" time="6.997"/>
  <system-out/>
  <testcase classname="tests.contactsTests.TestContacts" name="testImportOneOrMoreContacts" time="0.871"/>
  <system-out/>
  <testcase classname="tests.contactsTests.TestContacts" name="testCreateContact" time="1.645"/>
  <system-out/>
  <testcase classname="tests.contactsTests.TestContacts" name="testGetContact" time="0.860"/>
  <system-out/>
  <testcase classname="tests.contactsTests.TestContacts" name="testUpdateContact" time="1.521"/>
  <system-out/>
  <testcase classname="tests.contactsTests.TestContacts" name="testDeleteContact" time="0.858"/>
  <system-out/>
  <testcase classname="tests.contactsTests.TestContacts" name="verifyTheContactStatusAfterDeleting" time="0.839"/>
  <system-out/>
</testsuite> <!-- tests.contactsTests.TestContacts -->
