<?xml version="1.0" encoding="UTF-8"?>
<!-- Generated by org.testng.reporters.JUnitReportReporter -->
<testsuite hostname="MacBook-Air-3097.local" failures="0" tests="5" name="tests.TestUserTransactionsIntegration" time="5.372" errors="0" timestamp="2022-01-13T02:26:44 EET" skipped="0">
  <testcase classname="tests.TestUserTransactionsIntegration" name="testUpdateTransaction" time="0.968"/>
  <system-out/>
  <testcase classname="tests.TestUserTransactionsIntegration" name="testDeleteTransaction" time="0.885"/>
  <system-out/>
  <testcase classname="tests.TestUserTransactionsIntegration" name="testGetNftTransactions" time="0.978"/>
  <system-out/>
  <testcase classname="tests.TestUserTransactionsIntegration" name="testGetUserTransactions" time="1.348"/>
  <system-out/>
  <testcase classname="tests.TestUserTransactionsIntegration" name="verifyTheTransactionStatusAfterDeleting" time="1.193"/>
  <system-out/>
</testsuite> <!-- tests.TestUserTransactionsIntegration -->
