<?xml version="1.0" encoding="UTF-8"?>
<!-- Generated by org.testng.reporters.JUnitReportReporter -->
<testsuite hostname="MacBook-Air-3097.local" failures="0" tests="5" name="tests.usersTests.TestUserInvalidScenarios" time="14.900" errors="0" timestamp="2022-01-18T18:17:34 EET" skipped="0">
  <testcase classname="tests.usersTests.TestUserInvalidScenarios" name="testGetWrongUser" time="4.551"/>
  <system-out/>
  <testcase classname="tests.usersTests.TestUserInvalidScenarios" name="testCreateUserWithoutWalletName" time="0.802"/>
  <system-out/>
  <testcase classname="tests.usersTests.TestUserInvalidScenarios" name="testGetUnauthorizedUser" time="4.190"/>
  <system-out/>
  <testcase classname="tests.usersTests.TestUserInvalidScenarios" name="testCreateUserWithoutEmailOrPhone" time="0.968"/>
  <system-out/>
  <testcase classname="tests.usersTests.TestUserInvalidScenarios" name="testGetUserWithProvidingEmptyUserId" time="4.389"/>
  <system-out/>
</testsuite> <!-- tests.usersTests.TestUserInvalidScenarios -->
