<?xml version="1.0" encoding="UTF-8"?>
<!-- Generated by org.testng.reporters.JUnitReportReporter -->
<testsuite hostname="MacBook-Air-3097.local" failures="0" tests="4" name="tests.contactsTests.TestContacts" time="26.940" errors="0" timestamp="2022-01-17T01:20:01 EET" skipped="0">
  <testcase classname="tests.contactsTests.TestContacts" name="testGetContact" time="7.369"/>
  <system-out/>
  <testcase classname="tests.contactsTests.TestContacts" name="testUpdateContact" time="7.620"/>
  <system-out/>
  <testcase classname="tests.contactsTests.TestContacts" name="testImportOneOrMoreContacts" time="5.969"/>
  <system-out/>
  <testcase classname="tests.contactsTests.TestContacts" name="testGetContactsOfAnUser" time="5.982"/>
  <system-out/>
</testsuite> <!-- tests.contactsTests.TestContacts -->
