<?xml version="1.0" encoding="UTF-8"?>
<!-- Generated by org.testng.reporters.JUnitReportReporter -->
<testsuite hostname="MacBook-Air-3097.local" failures="0" tests="6" name="tests.transactionsTests.TestUserTransactionsIntegration" time="6.911" errors="0" timestamp="2022-01-14T18:56:19 EET" skipped="0">
  <testcase classname="tests.transactionsTests.TestUserTransactionsIntegration" name="testCreateTransaction" time="1.258"/>
  <system-out/>
  <testcase classname="tests.transactionsTests.TestUserTransactionsIntegration" name="testGetUserTransactions" time="0.934"/>
  <system-out/>
  <testcase classname="tests.transactionsTests.TestUserTransactionsIntegration" name="testGetNftTransactions" time="1.006"/>
  <system-out/>
  <testcase classname="tests.transactionsTests.TestUserTransactionsIntegration" name="testUpdateTransaction" time="0.846"/>
  <system-out/>
  <testcase classname="tests.transactionsTests.TestUserTransactionsIntegration" name="testDeleteTransaction" time="2.049"/>
  <system-out/>
  <testcase classname="tests.transactionsTests.TestUserTransactionsIntegration" name="verifyTheTransactionStatusAfterDeleting" time="0.818"/>
  <system-out/>
</testsuite> <!-- tests.transactionsTests.TestUserTransactionsIntegration -->
